04:04:29 NOTICE - Уведомление Undefined property: app\Core\Dispatcher::$request /var/www/local/app/Core/Dispatcher.php line 26
04:04:29 NOTICE - Уведомление Undefined variable: join /var/www/local/app/Model/Database/QueryPrepare.php line 12
04:04:29 ERROR - Фатальная ошибка Uncaught Error: Class 'app\View\Config\PageParams' not found in /var/www/local/app/Model/AbstractModel.php:14
Stack trace:
#0 /var/www/local/app/Controller/AbstractController.php(34): app\Model\AbstractModel->__construct(Object(app\Model\Database\Database))
#1 /var/www/local/app/Controller/AbstractController.php(23): app\Controller\AbstractController->model('index')
#2 /var/www/local/app/Core/Dispatcher.php(26): app\Controller\AbstractController->__construct(Array, NULL, Object(app\Model\Container\ServiceContainer))
#3 /var/www/local/app/Core/Dispatcher.php(16): app\Core\Dispatcher->loadController()
#4 /var/www/local/index.php(10): app\Core\Dispatcher->__construct(Object(app\Model\Container\ServiceContainer))
#5 {main}
  thrown /var/www/local/app/Model/AbstractModel.php line 14
04:14:04 ERROR - Фатальная ошибка Uncaught ArgumentCountError: Too few arguments to function app\Controller\AbstractController::__construct(), 1 passed in /var/www/local/app/Core/Dispatcher.php on line 28 and exactly 2 expected in /var/www/local/app/Controller/AbstractController.php:18
Stack trace:
#0 /var/www/local/app/Core/Dispatcher.php(28): app\Controller\AbstractController->__construct(Object(app\Model\Container\ServiceContainer))
#1 /var/www/local/app/Core/Dispatcher.php(18): app\Core\Dispatcher->loadController()
#2 /var/www/local/index.php(10): app\Core\Dispatcher->__construct(Object(app\Model\Container\ServiceContainer))
#3 {main}
  thrown /var/www/local/app/Controller/AbstractController.php line 18
04:16:57 PARSE - Ошибка syntax error, unexpected ')' /var/www/local/app/Core/Dispatcher.php line 38
04:17:41 WARNING - Предупреждение file_get_contents(/app/Template/Errors/404.tpl): failed to open stream: No such file or directory /var/www/local/app/Model/Response/Response.php line 189
04:22:39 ERROR - Фатальная ошибка Uncaught Error: Call to undefined method app\Model\Response\Response::ыerrorPage() in /var/www/local/app/Core/Dispatcher.php:34
Stack trace:
#0 /var/www/local/app/Core/Dispatcher.php(17): app\Core\Dispatcher->loadController()
#1 /var/www/local/index.php(10): app\Core\Dispatcher->__construct(Object(app\Model\Container\ServiceContainer))
#2 {main}
  thrown /var/www/local/app/Core/Dispatcher.php line 34
04:24:40 PARSE - Ошибка syntax error, unexpected ';', expecting ',' or ')' /var/www/local/app/Core/Dispatcher.php line 39
04:27:47 ERROR - Фатальная ошибка Uncaught Exception: Service with key "Reponse" does not exist! in /var/www/local/app/Model/Container/ServiceContainer.php:21
Stack trace:
#0 /var/www/local/index.php(14): app\Model\Container\ServiceContainer->get('Reponse')
#1 {main}
  thrown /var/www/local/app/Model/Container/ServiceContainer.php line 21
04:28:00 NOTICE - Уведомление Undefined variable: dispatcher /var/www/local/index.php line 16
04:28:00 ERROR - Фатальная ошибка Uncaught Error: Call to a member function display() on null in /var/www/local/index.php:16
Stack trace:
#0 {main}
  thrown /var/www/local/index.php line 16
04:36:49 PARSE - Ошибка syntax error, unexpected '::' (T_PAAMAYIM_NEKUDOTAYIM), expecting identifier (T_STRING) or variable (T_VARIABLE) or '{' or '$' /var/www/local/app/Core/Dispatcher.php line 35
05:03:23 ERROR - Фатальная ошибка Uncaught Error: Non-static method app\Model\Response\Response::__construct() cannot be called statically in /var/www/local/index.php:14
Stack trace:
#0 {main}
  thrown /var/www/local/index.php line 14
05:03:38 ERROR - Фатальная ошибка Uncaught Error: Call to a member function send() on null in /var/www/local/index.php:16
Stack trace:
#0 {main}
  thrown /var/www/local/index.php line 16
05:03:38 ERROR - Фатальная ошибка Uncaught Error: Call to a member function send() on null in /var/www/local/index.php:16
Stack trace:
#0 {main}
  thrown /var/www/local/index.php line 16
05:03:39 ERROR - Фатальная ошибка Uncaught Error: Call to a member function send() on null in /var/www/local/index.php:16
Stack trace:
#0 {main}
  thrown /var/www/local/index.php line 16
05:03:39 ERROR - Фатальная ошибка Uncaught Error: Call to a member function send() on null in /var/www/local/index.php:16
Stack trace:
#0 {main}
  thrown /var/www/local/index.php line 16
05:03:39 ERROR - Фатальная ошибка Uncaught Error: Call to a member function send() on null in /var/www/local/index.php:16
Stack trace:
#0 {main}
  thrown /var/www/local/index.php line 16
05:05:03 ERROR - Фатальная ошибка Uncaught Error: Call to undefined method app\Model\Response\Response::erroPage() in /var/www/local/index.php:14
Stack trace:
#0 {main}
  thrown /var/www/local/index.php line 14
05:05:03 ERROR - Фатальная ошибка Uncaught Error: Call to undefined method app\Model\Response\Response::erroPage() in /var/www/local/index.php:14
Stack trace:
#0 {main}
  thrown /var/www/local/index.php line 14
05:05:04 ERROR - Фатальная ошибка Uncaught Error: Call to undefined method app\Model\Response\Response::erroPage() in /var/www/local/index.php:14
Stack trace:
#0 {main}
  thrown /var/www/local/index.php line 14
05:10:58 WARNING - Предупреждение header() expects parameter 1 to be string, array given /var/www/local/app/Model/Response/Response.php line 94
05:14:59 PARSE - Ошибка syntax error, unexpected '}', expecting end of file /var/www/local/app/Model/Response/Response.php line 199
05:41:08 RECOVERABLE_ERROR - Фатальная ошибка Object of class app\Model\Response\Response could not be converted to string /var/www/local/index.php line 13
05:44:01 ERROR - Фатальная ошибка Uncaught Error: Call to undefined function app\Core\debuf() in /var/www/local/app/Core/Dispatcher.php:39
Stack trace:
#0 /var/www/local/index.php(13): app\Core\Dispatcher->display()
#1 {main}
  thrown /var/www/local/app/Core/Dispatcher.php line 39
06:07:40 ERROR - Фатальная ошибка Uncaught ArgumentCountError: Too few arguments to function app\Controller\AbstractController::__construct(), 1 passed in /var/www/local/app/Core/Dispatcher.php on line 29 and exactly 2 expected in /var/www/local/app/Controller/AbstractController.php:18
Stack trace:
#0 /var/www/local/app/Core/Dispatcher.php(29): app\Controller\AbstractController->__construct(Object(app\Model\Container\ServiceContainer))
#1 /var/www/local/app/Core/Dispatcher.php(19): app\Core\Dispatcher->loadController()
#2 /var/www/local/index.php(10): app\Core\Dispatcher->__construct(Object(app\Model\Container\ServiceContainer))
#3 {main}
  thrown /var/www/local/app/Controller/AbstractController.php line 18
06:29:26 PARSE - Ошибка syntax error, unexpected '}', expecting identifier (T_STRING) or variable (T_VARIABLE) or '{' or '$' /var/www/local/app/Controller/IndexController.php line 8
06:30:26 ERROR - Фатальная ошибка Uncaught Error: Call to undefined function app\Controller\ddebug() in /var/www/local/app/Controller/IndexController.php:7
Stack trace:
#0 /var/www/local/app/Core/Dispatcher.php(30): app\Controller\IndexController->IndexAction()
#1 /var/www/local/app/Core/Dispatcher.php(19): app\Core\Dispatcher->loadController()
#2 /var/www/local/index.php(10): app\Core\Dispatcher->__construct(Object(app\Model\Container\ServiceContainer))
#3 {main}
  thrown /var/www/local/app/Controller/IndexController.php line 7
06:59:03 PARSE - Ошибка syntax error, unexpected '}' /var/www/local/app/Controller/IndexController.php line 8
07:00:45 PARSE - Ошибка syntax error, unexpected 'echo' (T_ECHO), expecting function (T_FUNCTION) or const (T_CONST) /var/www/local/app/Model/IndexModel.php line 7
07:06:43 PARSE - Ошибка syntax error, unexpected '}' /var/www/local/app/Controller/IndexController.php line 10
07:24:58 PARSE - Ошибка syntax error, unexpected '}' /var/www/local/app/Controller/IndexController.php line 10
07:25:18 ERROR - Фатальная ошибка Uncaught Error: Class name must be a valid object or a string in /var/www/local/app/Controller/IndexController.php:8
Stack trace:
#0 /var/www/local/app/Core/Dispatcher.php(30): app\Controller\IndexController->IndexAction()
#1 /var/www/local/app/Core/Dispatcher.php(19): app\Core\Dispatcher->loadController()
#2 /var/www/local/index.php(10): app\Core\Dispatcher->__construct(Object(app\Model\Container\ServiceContainer))
#3 {main}
  thrown /var/www/local/app/Controller/IndexController.php line 8
07:25:57 ERROR - Фатальная ошибка Uncaught Error: Class name must be a valid object or a string in /var/www/local/app/Controller/IndexController.php:8
Stack trace:
#0 /var/www/local/app/Core/Dispatcher.php(30): app\Controller\IndexController->IndexAction()
#1 /var/www/local/app/Core/Dispatcher.php(19): app\Core\Dispatcher->loadController()
#2 /var/www/local/index.php(10): app\Core\Dispatcher->__construct(Object(app\Model\Container\ServiceContainer))
#3 {main}
  thrown /var/www/local/app/Controller/IndexController.php line 8
07:28:09 NOTICE - Уведомление Undefined variable: title /var/www/local/app/Template/general.tpl line 9
07:28:09 NOTICE - Уведомление Undefined variable: page_data /var/www/local/app/Template/general.tpl line 13
07:30:01 NOTICE - Уведомление Undefined variable: title /var/www/local/app/Template/general.tpl line 9
07:30:01 NOTICE - Уведомление Undefined variable: page_data /var/www/local/app/Template/general.tpl line 13
07:31:50 NOTICE - Уведомление Undefined variable: title /var/www/local/app/Template/general.tpl line 9
07:31:50 NOTICE - Уведомление Undefined variable: page_data /var/www/local/app/Template/general.tpl line 13
07:31:53 ERROR - Фатальная ошибка Uncaught Error: Call to undefined method app\Controller\AccountController::check_user_coockie() in /var/www/local/app/Controller/AccountController.php:10
Stack trace:
#0 /var/www/local/app/Core/Dispatcher.php(30): app\Controller\AccountController->loginAction()
#1 /var/www/local/app/Core/Dispatcher.php(19): app\Core\Dispatcher->loadController()
#2 /var/www/local/index.php(10): app\Core\Dispatcher->__construct(Object(app\Model\Container\ServiceContainer))
#3 {main}
  thrown /var/www/local/app/Controller/AccountController.php line 10
07:34:15 PARSE - Ошибка syntax error, unexpected '}' /var/www/local/app/Controller/AbstractController.php line 23
07:34:22 NOTICE - Уведомление Undefined variable: title /var/www/local/app/Template/general.tpl line 9
07:34:22 NOTICE - Уведомление Undefined variable: page_data /var/www/local/app/Template/general.tpl line 13
07:58:45 NOTICE - Уведомление Undefined variable: page_data /var/www/local/app/Template/general.tpl line 13
08:24:39 NOTICE - Уведомление Undefined variable: page_data /var/www/local/app/Template/general.tpl line 13
08:26:38 NOTICE - Уведомление Undefined property: app\Controller\AccountController::$request /var/www/local/app/Controller/AccountController.php line 33
08:26:38 ERROR - Фатальная ошибка Uncaught Error: Call to a member function methodPost() on null in /var/www/local/app/Controller/AccountController.php:33
Stack trace:
#0 /var/www/local/app/Controller/AccountController.php(13): app\Controller\AccountController->POST_data()
#1 /var/www/local/app/Core/Dispatcher.php(30): app\Controller\AccountController->loginAction()
#2 /var/www/local/app/Core/Dispatcher.php(19): app\Core\Dispatcher->loadController()
#3 /var/www/local/index.php(10): app\Core\Dispatcher->__construct(Object(app\Model\Container\ServiceContainer))
#4 {main}
  thrown /var/www/local/app/Controller/AccountController.php line 33
08:28:23 NOTICE - Уведомление Undefined variable: page_data /var/www/local/app/Template/general.tpl line 13
08:28:23 NOTICE - Уведомление Undefined variable: page_data /var/www/local/app/Template/general.tpl line 13
08:28:48 NOTICE - Уведомление Undefined variable: page_data /var/www/local/app/Template/general.tpl line 13
08:29:07 NOTICE - Уведомление Undefined variable: page_data /var/www/local/app/Template/general.tpl line 13
08:29:11 NOTICE - Уведомление Undefined property: app\Controller\AccountController::$request /var/www/local/app/Controller/AccountController.php line 33
08:29:11 ERROR - Фатальная ошибка Uncaught Error: Call to a member function methodPost() on null in /var/www/local/app/Controller/AccountController.php:33
Stack trace:
#0 /var/www/local/app/Controller/AccountController.php(25): app\Controller\AccountController->POST_data()
#1 /var/www/local/app/Core/Dispatcher.php(30): app\Controller\AccountController->registerAction()
#2 /var/www/local/app/Core/Dispatcher.php(19): app\Core\Dispatcher->loadController()
#3 /var/www/local/index.php(10): app\Core\Dispatcher->__construct(Object(app\Model\Container\ServiceContainer))
#4 {main}
  thrown /var/www/local/app/Controller/AccountController.php line 33
08:29:13 ERROR - Фатальная ошибка Uncaught Error: Call to undefined method app\Model\View::getTemplate() in /var/www/local/app/Controller/AccountController.php:15
Stack trace:
#0 /var/www/local/app/Core/Dispatcher.php(30): app\Controller\AccountController->loginAction()
#1 /var/www/local/app/Core/Dispatcher.php(19): app\Core\Dispatcher->loadController()
#2 /var/www/local/index.php(10): app\Core\Dispatcher->__construct(Object(app\Model\Container\ServiceContainer))
#3 {main}
  thrown /var/www/local/app/Controller/AccountController.php line 15
08:30:14 NOTICE - Уведомление Undefined variable: page_data /var/www/local/app/Template/general.tpl line 13
08:31:45 NOTICE - Уведомление Undefined variable: page /var/www/local/app/Template/general.tpl line 13
08:31:46 NOTICE - Уведомление Undefined variable: page /var/www/local/app/Template/general.tpl line 13
08:40:38 ERROR - Фатальная ошибка Uncaught Error: Call to undefined method app\Model\View::getTemplate() in /var/www/local/app/Controller/AccountController.php:15
Stack trace:
#0 /var/www/local/app/Core/Dispatcher.php(30): app\Controller\AccountController->loginAction()
#1 /var/www/local/app/Core/Dispatcher.php(19): app\Core\Dispatcher->loadController()
#2 /var/www/local/index.php(10): app\Core\Dispatcher->__construct(Object(app\Model\Container\ServiceContainer))
#3 {main}
  thrown /var/www/local/app/Controller/AccountController.php line 15
08:56:03 ERROR - Фатальная ошибка Uncaught Error: Call to a member function check_user_coockie() on null in /var/www/local/app/Controller/AccountController.php:8
Stack trace:
#0 /var/www/local/app/Core/Dispatcher.php(30): app\Controller\AccountController->loginAction()
#1 /var/www/local/app/Core/Dispatcher.php(19): app\Core\Dispatcher->loadController()
#2 /var/www/local/index.php(10): app\Core\Dispatcher->__construct(Object(app\Model\Container\ServiceContainer))
#3 {main}
  thrown /var/www/local/app/Controller/AccountController.php line 8
08:57:30 ERROR - Фатальная ошибка Uncaught Error: Call to a member function check_user_cookie() on null in /var/www/local/app/Controller/AccountController.php:8
Stack trace:
#0 /var/www/local/app/Core/Dispatcher.php(30): app\Controller\AccountController->loginAction()
#1 /var/www/local/app/Core/Dispatcher.php(19): app\Core\Dispatcher->loadController()
#2 /var/www/local/index.php(10): app\Core\Dispatcher->__construct(Object(app\Model\Container\ServiceContainer))
#3 {main}
  thrown /var/www/local/app/Controller/AccountController.php line 8
08:58:56 ERROR - Фатальная ошибка Uncaught Error: Call to a member function check_user_cookie() on null in /var/www/local/app/Controller/AccountController.php:8
Stack trace:
#0 /var/www/local/app/Core/Dispatcher.php(30): app\Controller\AccountController->loginAction()
#1 /var/www/local/app/Core/Dispatcher.php(19): app\Core\Dispatcher->loadController()
#2 /var/www/local/index.php(10): app\Core\Dispatcher->__construct(Object(app\Model\Container\ServiceContainer))
#3 {main}
  thrown /var/www/local/app/Controller/AccountController.php line 8
08:59:41 ERROR - Фатальная ошибка Uncaught Error: Call to a member function check_user_cookie() on null in /var/www/local/app/Controller/AccountController.php:8
Stack trace:
#0 /var/www/local/app/Core/Dispatcher.php(30): app\Controller\AccountController->loginAction()
#1 /var/www/local/app/Core/Dispatcher.php(19): app\Core\Dispatcher->loadController()
#2 /var/www/local/index.php(10): app\Core\Dispatcher->__construct(Object(app\Model\Container\ServiceContainer))
#3 {main}
  thrown /var/www/local/app/Controller/AccountController.php line 8
08:59:41 ERROR - Фатальная ошибка Uncaught Error: Call to a member function check_user_cookie() on null in /var/www/local/app/Controller/AccountController.php:8
Stack trace:
#0 /var/www/local/app/Core/Dispatcher.php(30): app\Controller\AccountController->loginAction()
#1 /var/www/local/app/Core/Dispatcher.php(19): app\Core\Dispatcher->loadController()
#2 /var/www/local/index.php(10): app\Core\Dispatcher->__construct(Object(app\Model\Container\ServiceContainer))
#3 {main}
  thrown /var/www/local/app/Controller/AccountController.php line 8
08:59:42 ERROR - Фатальная ошибка Uncaught Error: Call to a member function check_user_cookie() on null in /var/www/local/app/Controller/AccountController.php:8
Stack trace:
#0 /var/www/local/app/Core/Dispatcher.php(30): app\Controller\AccountController->loginAction()
#1 /var/www/local/app/Core/Dispatcher.php(19): app\Core\Dispatcher->loadController()
#2 /var/www/local/index.php(10): app\Core\Dispatcher->__construct(Object(app\Model\Container\ServiceContainer))
#3 {main}
  thrown /var/www/local/app/Controller/AccountController.php line 8
09:01:00 ERROR - Фатальная ошибка Uncaught Error: Call to undefined method app\Model\View::getTemplate() in /var/www/local/app/Controller/AccountController.php:14
Stack trace:
#0 /var/www/local/app/Core/Dispatcher.php(30): app\Controller\AccountController->loginAction()
#1 /var/www/local/app/Core/Dispatcher.php(19): app\Core\Dispatcher->loadController()
#2 /var/www/local/index.php(10): app\Core\Dispatcher->__construct(Object(app\Model\Container\ServiceContainer))
#3 {main}
  thrown /var/www/local/app/Controller/AccountController.php line 14
09:01:44 ERROR - Фатальная ошибка Uncaught Error: Call to undefined method app\Controller\AccountController::$this->model->authorise() in /var/www/local/app/Controller/AccountController.php:33
Stack trace:
#0 /var/www/local/app/Controller/AccountController.php(12): app\Controller\AccountController->POST_data()
#1 /var/www/local/app/Core/Dispatcher.php(30): app\Controller\AccountController->loginAction()
#2 /var/www/local/app/Core/Dispatcher.php(19): app\Core\Dispatcher->loadController()
#3 /var/www/local/index.php(10): app\Core\Dispatcher->__construct(Object(app\Model\Container\ServiceContainer))
#4 {main}
  thrown /var/www/local/app/Controller/AccountController.php line 33
09:03:25 ERROR - Фатальная ошибка Uncaught Error: Call to undefined method app\Controller\AccountController::$this->model->authorise() in /var/www/local/app/Controller/AccountController.php:33
Stack trace:
#0 /var/www/local/app/Controller/AccountController.php(12): app\Controller\AccountController->POST_data()
#1 /var/www/local/app/Core/Dispatcher.php(30): app\Controller\AccountController->loginAction()
#2 /var/www/local/app/Core/Dispatcher.php(19): app\Core\Dispatcher->loadController()
#3 /var/www/local/index.php(10): app\Core\Dispatcher->__construct(Object(app\Model\Container\ServiceContainer))
#4 {main}
  thrown /var/www/local/app/Controller/AccountController.php line 33
09:05:33 NOTICE - Уведомление Undefined variable: join /var/www/local/app/Model/Database/QueryPrepare.php line 12
09:05:45 NOTICE - Уведомление Undefined variable: join /var/www/local/app/Model/Database/QueryPrepare.php line 12
09:06:15 ERROR - Фатальная ошибка Uncaught Error: Call to undefined method app\Controller\AccountController::$this->model->authorise() in /var/www/local/app/Controller/AccountController.php:33
Stack trace:
#0 /var/www/local/app/Controller/AccountController.php(12): app\Controller\AccountController->POST_data()
#1 /var/www/local/app/Core/Dispatcher.php(30): app\Controller\AccountController->loginAction()
#2 /var/www/local/app/Core/Dispatcher.php(19): app\Core\Dispatcher->loadController()
#3 /var/www/local/index.php(10): app\Core\Dispatcher->__construct(Object(app\Model\Container\ServiceContainer))
#4 {main}
  thrown /var/www/local/app/Controller/AccountController.php line 33
09:06:53 ERROR - Фатальная ошибка Uncaught ArgumentCountError: Too few arguments to function app\Model\AuthoriseModel::authorise(), 0 passed in /var/www/local/app/Controller/AccountController.php on line 12 and exactly 1 expected in /var/www/local/app/Model/AuthoriseModel.php:10
Stack trace:
#0 /var/www/local/app/Controller/AccountController.php(12): app\Model\AuthoriseModel->authorise()
#1 /var/www/local/app/Core/Dispatcher.php(30): app\Controller\AccountController->loginAction()
#2 /var/www/local/app/Core/Dispatcher.php(19): app\Core\Dispatcher->loadController()
#3 /var/www/local/index.php(10): app\Core\Dispatcher->__construct(Object(app\Model\Container\ServiceContainer))
#4 {main}
  thrown /var/www/local/app/Model/AuthoriseModel.php line 10
09:07:05 ERROR - Фатальная ошибка Uncaught TypeError: Argument 1 passed to app\Model\AuthoriseModel::authorise() must be of the type array, integer given, called in /var/www/local/app/Controller/AccountController.php on line 12 and defined in /var/www/local/app/Model/AuthoriseModel.php:10
Stack trace:
#0 /var/www/local/app/Controller/AccountController.php(12): app\Model\AuthoriseModel->authorise(321)
#1 /var/www/local/app/Core/Dispatcher.php(30): app\Controller\AccountController->loginAction()
#2 /var/www/local/app/Core/Dispatcher.php(19): app\Core\Dispatcher->loadController()
#3 /var/www/local/index.php(10): app\Core\Dispatcher->__construct(Object(app\Model\Container\ServiceContainer))
#4 {main}
  thrown /var/www/local/app/Model/AuthoriseModel.php line 10
09:08:59 ERROR - Фатальная ошибка Uncaught Error: Call to undefined method app\Controller\AccountController::$this->model->authorise() in /var/www/local/app/Controller/AccountController.php:33
Stack trace:
#0 /var/www/local/app/Controller/AccountController.php(12): app\Controller\AccountController->POST_data()
#1 /var/www/local/app/Core/Dispatcher.php(30): app\Controller\AccountController->loginAction()
#2 /var/www/local/app/Core/Dispatcher.php(19): app\Core\Dispatcher->loadController()
#3 /var/www/local/index.php(10): app\Core\Dispatcher->__construct(Object(app\Model\Container\ServiceContainer))
#4 {main}
  thrown /var/www/local/app/Controller/AccountController.php line 33
09:09:38 PARSE - Ошибка syntax error, unexpected '{' /var/www/local/app/Controller/AccountController.php line 33
09:10:38 DEPRECATED - Уведомление Non-static method app\Model\Response\Response::setJson() should not be called statically /var/www/local/app/Controller/AccountController.php line 39
09:10:38 ERROR - Фатальная ошибка Uncaught Error: Using $this when not in object context in /var/www/local/app/Model/Response/Response.php:184
Stack trace:
#0 /var/www/local/app/Controller/AccountController.php(39): app\Model\Response\Response::setJson(Array)
#1 /var/www/local/app/Controller/AccountController.php(12): app\Controller\AccountController->POST_data()
#2 /var/www/local/app/Core/Dispatcher.php(30): app\Controller\AccountController->loginAction()
#3 /var/www/local/app/Core/Dispatcher.php(19): app\Core\Dispatcher->loadController()
#4 /var/www/local/index.php(10): app\Core\Dispatcher->__construct(Object(app\Model\Container\ServiceContainer))
#5 {main}
  thrown /var/www/local/app/Model/Response/Response.php line 184
09:11:18 DEPRECATED - Уведомление Non-static method app\Model\Response\Response::setJson() should not be called statically /var/www/local/app/Controller/AccountController.php line 39
09:12:21 NOTICE - Уведомление Undefined property: app\Model\AuthoriseModel::$model /var/www/local/app/Model/AuthoriseModel.php line 24
09:12:21 ERROR - Фатальная ошибка Uncaught Error: Call to a member function find_user() on null in /var/www/local/app/Model/AuthoriseModel.php:24
Stack trace:
#0 /var/www/local/app/Controller/AccountController.php(33): app\Model\AuthoriseModel->authorise(Array)
#1 /var/www/local/app/Controller/AccountController.php(12): app\Controller\AccountController->POST_data()
#2 /var/www/local/app/Core/Dispatcher.php(30): app\Controller\AccountController->loginAction()
#3 /var/www/local/app/Core/Dispatcher.php(19): app\Core\Dispatcher->loadController()
#4 /var/www/local/index.php(10): app\Core\Dispatcher->__construct(Object(app\Model\Container\ServiceContainer))
#5 {main}
  thrown /var/www/local/app/Model/AuthoriseModel.php line 24
09:33:53 PARSE - Ошибка syntax error, unexpected '->' (T_OBJECT_OPERATOR), expecting ';' /var/www/local/app/Controller/AccountController.php line 15
09:34:58 ERROR - Фатальная ошибка Uncaught Error: Call to undefined method app\Model\View::getTemplate() in /var/www/local/app/Controller/AccountController.php:28
Stack trace:
#0 /var/www/local/app/Core/Dispatcher.php(30): app\Controller\AccountController->registerAction()
#1 /var/www/local/app/Core/Dispatcher.php(19): app\Core\Dispatcher->loadController()
#2 /var/www/local/index.php(10): app\Core\Dispatcher->__construct(Object(app\Model\Container\ServiceContainer))
#3 {main}
  thrown /var/www/local/app/Controller/AccountController.php line 28
