04:31:47 ERROR - Фатальная ошибка Uncaught Error: Call to undefined method app\Model\Response\Response::response() in /var/www/local/app/Controller/IndexController.php:8
Stack trace:
#0 /var/www/local/app/Model/Container/ServiceBag.php(72): app\Controller\IndexController->IndexAction()
#1 /var/www/local/app/Model/Container/ServiceContainer.php(25): app\Model\Container\ServiceBag::app\Model\Container\{closure}(Object(app\Model\Container\ServiceContainer))
#2 /var/www/local/app/Core/Dispatcher.php(16): app\Model\Container\ServiceContainer->get('Controller')
#3 /var/www/local/index.php(10): app\Core\Dispatcher->__construct(Object(app\Model\Container\ServiceContainer))
#4 {main}
  thrown /var/www/local/app/Controller/IndexController.php line 8
04:32:04 ERROR - Фатальная ошибка Uncaught TypeError: Argument 4 passed to app\Model\Response\ResponseModel::__construct() must be an instance of app\Model\Response\View, instance of app\Model\View given, called in /var/www/local/app/Model/Container/ServiceBag.php on line 41 and defined in /var/www/local/app/Model/Response/ResponseModel.php:14
Stack trace:
#0 /var/www/local/app/Model/Container/ServiceBag.php(41): app\Model\Response\ResponseModel->__construct(Object(app\Model\Response\JsonResponse), Object(app\Model\Response\Response), Object(app\Model\Response\RedirectResponse), Object(app\Model\View))
#1 /var/www/local/app/Model/Container/ServiceContainer.php(25): app\Model\Container\ServiceBag::app\Model\Container\{closure}(Object(app\Model\Container\ServiceContainer))
#2 /var/www/local/app/Controller/AbstractController.php(22): app\Model\Container\ServiceContainer->get('ResponseModel')
#3 /var/www/local/app/Model/Container/ServiceBag.php(70): app\Controller\AbstractController->__construct(Object(app\Model\Container\ServiceContainer))
#4 /v /var/www/local/app/Model/Response/ResponseModel.php line 14
04:35:52 ERROR - Фатальная ошибка Uncaught TypeError: Argument 4 passed to app\Model\Response\ResponseModel::__construct() must be an instance of app\Model\Response\View, instance of app\Model\View given, called in /var/www/local/app/Model/Container/ServiceBag.php on line 41 and defined in /var/www/local/app/Model/Response/ResponseModel.php:14
Stack trace:
#0 /var/www/local/app/Model/Container/ServiceBag.php(41): app\Model\Response\ResponseModel->__construct(Object(app\Model\Response\JsonResponse), Object(app\Model\Response\Response), Object(app\Model\Response\RedirectResponse), Object(app\Model\View))
#1 /var/www/local/app/Model/Container/ServiceContainer.php(25): app\Model\Container\ServiceBag::app\Model\Container\{closure}(Object(app\Model\Container\ServiceContainer))
#2 /var/www/local/app/Controller/AbstractController.php(22): app\Model\Container\ServiceContainer->get('ResponseModel')
#3 /var/www/local/app/Model/Container/ServiceBag.php(70): app\Controller\AbstractController->__construct(Object(app\Model\Container\ServiceContainer))
#4 /v /var/www/local/app/Model/Response/ResponseModel.php line 14
04:35:54 ERROR - Фатальная ошибка Uncaught TypeError: Argument 4 passed to app\Model\Response\ResponseModel::__construct() must be an instance of app\Model\Response\View, instance of app\Model\View given, called in /var/www/local/app/Model/Container/ServiceBag.php on line 41 and defined in /var/www/local/app/Model/Response/ResponseModel.php:14
Stack trace:
#0 /var/www/local/app/Model/Container/ServiceBag.php(41): app\Model\Response\ResponseModel->__construct(Object(app\Model\Response\JsonResponse), Object(app\Model\Response\Response), Object(app\Model\Response\RedirectResponse), Object(app\Model\View))
#1 /var/www/local/app/Model/Container/ServiceContainer.php(25): app\Model\Container\ServiceBag::app\Model\Container\{closure}(Object(app\Model\Container\ServiceContainer))
#2 /var/www/local/app/Controller/AbstractController.php(22): app\Model\Container\ServiceContainer->get('ResponseModel')
#3 /var/www/local/app/Model/Container/ServiceBag.php(70): app\Controller\AbstractController->__construct(Object(app\Model\Container\ServiceContainer))
#4 /v /var/www/local/app/Model/Response/ResponseModel.php line 14
04:36:12 PARSE - Ошибка syntax error, unexpected 'return' (T_RETURN) /var/www/local/app/Model/Container/ServiceBag.php line 37
04:36:31 ERROR - Фатальная ошибка Uncaught TypeError: Argument 4 passed to app\Model\Response\ResponseModel::__construct() must be an instance of app\Model\Response\View, instance of app\Model\View given, called in /var/www/local/app/Model/Container/ServiceBag.php on line 41 and defined in /var/www/local/app/Model/Response/ResponseModel.php:14
Stack trace:
#0 /var/www/local/app/Model/Container/ServiceBag.php(41): app\Model\Response\ResponseModel->__construct(Object(app\Model\Response\JsonResponse), Object(app\Model\Response\Response), Object(app\Model\Response\RedirectResponse), Object(app\Model\View))
#1 /var/www/local/app/Model/Container/ServiceContainer.php(25): app\Model\Container\ServiceBag::app\Model\Container\{closure}(Object(app\Model\Container\ServiceContainer))
#2 /var/www/local/app/Controller/AbstractController.php(22): app\Model\Container\ServiceContainer->get('ResponseModel')
#3 /var/www/local/app/Model/Container/ServiceBag.php(70): app\Controller\AbstractController->__construct(Object(app\Model\Container\ServiceContainer))
#4 /v /var/www/local/app/Model/Response/ResponseModel.php line 14
04:39:53 ERROR - Фатальная ошибка Uncaught TypeError: Argument 1 passed to app\Model\Response\ResponseModel::response() must be of the type string, array given, called in /var/www/local/app/Controller/IndexController.php on line 8 and defined in /var/www/local/app/Model/Response/ResponseModel.php:35
Stack trace:
#0 /var/www/local/app/Controller/IndexController.php(8): app\Model\Response\ResponseModel->response(Array, Array)
#1 /var/www/local/app/Model/Container/ServiceBag.php(72): app\Controller\IndexController->IndexAction()
#2 /var/www/local/app/Model/Container/ServiceContainer.php(25): app\Model\Container\ServiceBag::app\Model\Container\{closure}(Object(app\Model\Container\ServiceContainer))
#3 /var/www/local/app/Core/Dispatcher.php(16): app\Model\Container\ServiceContainer->get('Controller')
#4 /var/www/local/index.php(10): app\Core\Dispatcher->__construct(Object(app\Model\Container\ServiceContainer))
#5 {main}
  thrown /var/www/local/app/Model/Response/ResponseModel.php line 35
04:40:17 NOTICE - Уведомление Undefined property: app\Core\Dispatcher::$run /var/www/local/app/Core/Dispatcher.php line 35
04:42:36 RECOVERABLE_ERROR - Фатальная ошибка Method app\Model\Response\Response::__toString() must return a string value /var/www/local/index.php line 13
04:43:59 RECOVERABLE_ERROR - Фатальная ошибка Method app\Model\Response\Response::__toString() must return a string value /var/www/local/index.php line 13
04:44:00 RECOVERABLE_ERROR - Фатальная ошибка Method app\Model\Response\Response::__toString() must return a string value /var/www/local/index.php line 13
04:45:04 RECOVERABLE_ERROR - Фатальная ошибка Method app\Model\Response\Response::__toString() must return a string value /var/www/local/index.php line 13
04:45:04 RECOVERABLE_ERROR - Фатальная ошибка Method app\Model\Response\Response::__toString() must return a string value /var/www/local/index.php line 13
04:45:05 RECOVERABLE_ERROR - Фатальная ошибка Method app\Model\Response\Response::__toString() must return a string value /var/www/local/index.php line 13
09:31:49 ERROR - Фатальная ошибка Uncaught Error: Call to undefined function app\Model\Container\debyg() in /var/www/local/app/Model/Container/ServiceBag.php:77
Stack trace:
#0 /var/www/local/app/Model/Container/ServiceContainer.php(25): app\Model\Container\ServiceBag::app\Model\Container\{closure}(Object(app\Model\Container\ServiceContainer))
#1 /var/www/local/app/Controller/AbstractController.php(23): app\Model\Container\ServiceContainer->get('Title')
#2 /var/www/local/app/Model/Container/ServiceBag.php(70): app\Controller\AbstractController->__construct(Object(app\Model\Container\ServiceContainer))
#3 /var/www/local/app/Model/Container/ServiceContainer.php(25): app\Model\Container\ServiceBag::app\Model\Container\{closure}(Object(app\Model\Container\ServiceContainer))
#4 /var/www/local/app/Core/Dispatcher.php(12): app\Model\Container\ServiceContainer->get('Controller')
#5 /var/www/local/index.php(10): app\Core\Dispatcher->__construct(Object(app\Model\Container\ServiceContainer))
#6 {main}
  thrown /var/www/local/app/Model/Container/ServiceBag.php line 77
14:07:07 NOTICE - Уведомление Trying to get property 'Index' of non-object /var/www/local/app/Controller/IndexController.php line 7
14:07:21 NOTICE - Уведомление Trying to get property 'Index' of non-object /var/www/local/app/Controller/IndexController.php line 7
14:11:17 ERROR - Фатальная ошибка Uncaught Error: Call to a member function check_user_cookie() on string in /var/www/local/app/Controller/AccountController.php:15
Stack trace:
#0 /var/www/local/app/Model/Container/ServiceBag.php(72): app\Controller\AccountController->loginAction()
#1 /var/www/local/app/Model/Container/ServiceContainer.php(25): app\Model\Container\ServiceBag::app\Model\Container\{closure}(Object(app\Model\Container\ServiceContainer))
#2 /var/www/local/app/Core/Dispatcher.php(12): app\Model\Container\ServiceContainer->get('Controller')
#3 /var/www/local/index.php(10): app\Core\Dispatcher->__construct(Object(app\Model\Container\ServiceContainer))
#4 {main}
  thrown /var/www/local/app/Controller/AccountController.php line 15
14:37:03 PARSE - Ошибка syntax error, unexpected '}', expecting ';' /var/www/local/app/Model/Container/ServiceBag.php line 80
14:37:14 ERROR - Фатальная ошибка Uncaught TypeError: Argument 1 passed to app\Model\BaseModel::__construct() must be an instance of app\Model\ServiceContainer, instance of app\Model\Container\ServiceContainer given, called in /var/www/local/app/Model/Container/ServiceBag.php on line 79 and defined in /var/www/local/app/Model/BaseModel.php:17
Stack trace:
#0 /var/www/local/app/Model/Container/ServiceBag.php(79): app\Model\BaseModel->__construct(Object(app\Model\Container\ServiceContainer))
#1 /var/www/local/app/Model/Container/ServiceContainer.php(25): app\Model\Container\ServiceBag::app\Model\Container\{closure}(Object(app\Model\Container\ServiceContainer))
#2 /var/www/local/app/Controller/AbstractController.php(25): app\Model\Container\ServiceContainer->get('Model')
#3 /var/www/local/app/Model/Container/ServiceBag.php(67): app\Controller\AbstractController->__construct(Object(app\Model\Container\ServiceContainer))
#4 /var/www/local/app/Model/Container/ServiceContainer.php(25): app\Model\Container\ServiceBag::app\Model\Container\{closure}(Ob /var/www/local/app/Model/BaseModel.php line 17
14:38:39 NOTICE - Уведомление Undefined property: app\Model\AuthoriseModel::$request /var/www/local/app/Model/AbstractModel.php line 70
14:38:39 ERROR - Фатальная ошибка Uncaught Error: Call to a member function CookieGet() on null in /var/www/local/app/Model/AbstractModel.php:70
Stack trace:
#0 /var/www/local/app/Controller/AccountController.php(11): app\Model\AbstractModel->check_user_cookie()
#1 /var/www/local/app/Model/Container/ServiceBag.php(69): app\Controller\AccountController->loginAction()
#2 /var/www/local/app/Model/Container/ServiceContainer.php(25): app\Model\Container\ServiceBag::app\Model\Container\{closure}(Object(app\Model\Container\ServiceContainer))
#3 /var/www/local/app/Core/Dispatcher.php(12): app\Model\Container\ServiceContainer->get('Controller')
#4 /var/www/local/index.php(10): app\Core\Dispatcher->__construct(Object(app\Model\Container\ServiceContainer))
#5 {main}
  thrown /var/www/local/app/Model/AbstractModel.php line 70
15:33:11 ERROR - Фатальная ошибка Uncaught Exception: Service with key "Container" does not exist! in /var/www/local/app/Model/Container/ServiceContainer.php:21
Stack trace:
#0 /var/www/local/app/Model/AbstractModel.php(11): app\Model\Container\ServiceContainer->get('Container')
#1 /var/www/local/app/Model/BaseModel.php(24): app\Model\AbstractModel->__construct(Object(app\Model\Container\ServiceContainer))
#2 /var/www/local/app/Controller/AccountController.php(8): app\Model\BaseModel->__get('Authorise')
#3 /var/www/local/app/Model/Container/ServiceBag.php(69): app\Controller\AccountController->loginAction()
#4 /var/www/local/app/Model/Container/ServiceContainer.php(25): app\Model\Container\ServiceBag::app\Model\Container\{closure}(Object(app\Model\Container\ServiceContainer))
#5 /var/www/local/app/Core/Dispatcher.php(12): app\Model\Container\ServiceContainer->get('Controller')
#6 /var/www/local/index.php(10): app\Core\Dispatcher->__construct(Object(app\Model\Container\ServiceContainer))
#7 {main}
  thrown /var/www/local/app/Model/Container/ServiceContainer.php line 21
15:33:42 ERROR - Фатальная ошибка Uncaught Error: Call to undefined method app\Model\Request\Request::CookieGet() in /var/www/local/app/Model/AbstractModel.php:51
Stack trace:
#0 /var/www/local/app/Controller/AccountController.php(10): app\Model\AbstractModel->check_user_cookie()
#1 /var/www/local/app/Model/Container/ServiceBag.php(69): app\Controller\AccountController->loginAction()
#2 /var/www/local/app/Model/Container/ServiceContainer.php(25): app\Model\Container\ServiceBag::app\Model\Container\{closure}(Object(app\Model\Container\ServiceContainer))
#3 /var/www/local/app/Core/Dispatcher.php(12): app\Model\Container\ServiceContainer->get('Controller')
#4 /var/www/local/index.php(10): app\Core\Dispatcher->__construct(Object(app\Model\Container\ServiceContainer))
#5 {main}
  thrown /var/www/local/app/Model/AbstractModel.php line 51
15:33:59 NOTICE - Уведомление Undefined property: app\Model\AuthoriseModel::$response /var/www/local/app/Model/AuthoriseModel.php line 45
15:33:59 ERROR - Фатальная ошибка Uncaught Error: Call to a member function setJson() on null in /var/www/local/app/Model/AuthoriseModel.php:45
Stack trace:
#0 /var/www/local/app/Controller/AccountController.php(13): app\Model\AuthoriseModel->autorise()
#1 /var/www/local/app/Model/Container/ServiceBag.php(69): app\Controller\AccountController->loginAction()
#2 /var/www/local/app/Model/Container/ServiceContainer.php(25): app\Model\Container\ServiceBag::app\Model\Container\{closure}(Object(app\Model\Container\ServiceContainer))
#3 /var/www/local/app/Core/Dispatcher.php(12): app\Model\Container\ServiceContainer->get('Controller')
#4 /var/www/local/index.php(10): app\Core\Dispatcher->__construct(Object(app\Model\Container\ServiceContainer))
#5 {main}
  thrown /var/www/local/app/Model/AuthoriseModel.php line 45
16:33:52 ERROR - Фатальная ошибка Uncaught Error: Call to a member function getUserData() on null in /var/www/local/app/Controller/AbstractController.php:26
Stack trace:
#0 /var/www/local/app/Model/Container/ServiceBag.php(67): app\Controller\AbstractController->__construct(Object(app\Model\Container\ServiceContainer))
#1 /var/www/local/app/Model/Container/ServiceContainer.php(25): app\Model\Container\ServiceBag::app\Model\Container\{closure}(Object(app\Model\Container\ServiceContainer))
#2 /var/www/local/app/Core/Dispatcher.php(12): app\Model\Container\ServiceContainer->get('Controller')
#3 /var/www/local/index.php(10): app\Core\Dispatcher->__construct(Object(app\Model\Container\ServiceContainer))
#4 {main}
  thrown /var/www/local/app/Controller/AbstractController.php line 26
16:34:11 ERROR - Фатальная ошибка Uncaught Error: Call to a member function getUserData() on null in /var/www/local/app/Controller/AbstractController.php:26
Stack trace:
#0 /var/www/local/app/Model/Container/ServiceBag.php(67): app\Controller\AbstractController->__construct(Object(app\Model\Container\ServiceContainer))
#1 /var/www/local/app/Model/Container/ServiceContainer.php(25): app\Model\Container\ServiceBag::app\Model\Container\{closure}(Object(app\Model\Container\ServiceContainer))
#2 /var/www/local/app/Core/Dispatcher.php(12): app\Model\Container\ServiceContainer->get('Controller')
#3 /var/www/local/index.php(10): app\Core\Dispatcher->__construct(Object(app\Model\Container\ServiceContainer))
#4 {main}
  thrown /var/www/local/app/Controller/AbstractController.php line 26
16:34:13 ERROR - Фатальная ошибка Uncaught Error: Call to a member function getUserData() on null in /var/www/local/app/Controller/AbstractController.php:26
Stack trace:
#0 /var/www/local/app/Model/Container/ServiceBag.php(67): app\Controller\AbstractController->__construct(Object(app\Model\Container\ServiceContainer))
#1 /var/www/local/app/Model/Container/ServiceContainer.php(25): app\Model\Container\ServiceBag::app\Model\Container\{closure}(Object(app\Model\Container\ServiceContainer))
#2 /var/www/local/app/Core/Dispatcher.php(12): app\Model\Container\ServiceContainer->get('Controller')
#3 /var/www/local/index.php(10): app\Core\Dispatcher->__construct(Object(app\Model\Container\ServiceContainer))
#4 {main}
  thrown /var/www/local/app/Controller/AbstractController.php line 26
16:37:20 NOTICE - Уведомление Undefined property: app\Model\Database\Database::$db /var/www/local/app/Model/Database/Database.php line 45
16:37:20 ERROR - Фатальная ошибка Uncaught Error: Call to a member function get_query() on null in /var/www/local/app/Model/Database/Database.php:45
Stack trace:
#0 /var/www/local/app/Model/AbstractModel.php(42): app\Model\Database\Database->select('user', Array)
#1 /var/www/local/app/Model/AuthoriseModel.php(24): app\Model\AbstractModel->find_user('211', 'f6e0a1e2ac41945...')
#2 /var/www/local/app/Model/AuthoriseModel.php(38): app\Model\AuthoriseModel->checks_fields(Array)
#3 /var/www/local/app/Controller/AccountController.php(14): app\Model\AuthoriseModel->autorise()
#4 /var/www/local/app/Model/Container/ServiceBag.php(69): app\Controller\AccountController->loginAction()
#5 /var/www/local/app/Model/Container/ServiceContainer.php(25): app\Model\Container\ServiceBag::app\Model\Container\{closure}(Object(app\Model\Container\ServiceContainer))
#6 /var/www/local/app/Core/Dispatcher.php(12): app\Model\Container\ServiceContainer->get('Controller')
#7 /var/www/local/index.php(10): app\Core\Dispatcher->__construct(Object(app\Model\Container\ServiceC /var/www/local/app/Model/Database/Database.php line 45
16:55:38 NOTICE - Уведомление Undefined property: app\Model\AuthoriseModel::$model /var/www/local/app/Model/AuthoriseModel.php line 25
16:55:38 ERROR - Фатальная ошибка Uncaught Error: Call to a member function get_user_data() on null in /var/www/local/app/Model/AuthoriseModel.php:25
Stack trace:
#0 /var/www/local/app/Model/AuthoriseModel.php(38): app\Model\AuthoriseModel->checks_fields(Array)
#1 /var/www/local/app/Controller/AccountController.php(14): app\Model\AuthoriseModel->autorise()
#2 /var/www/local/app/Model/Container/ServiceBag.php(69): app\Controller\AccountController->loginAction()
#3 /var/www/local/app/Model/Container/ServiceContainer.php(25): app\Model\Container\ServiceBag::app\Model\Container\{closure}(Object(app\Model\Container\ServiceContainer))
#4 /var/www/local/app/Core/Dispatcher.php(12): app\Model\Container\ServiceContainer->get('Controller')
#5 /var/www/local/index.php(10): app\Core\Dispatcher->__construct(Object(app\Model\Container\ServiceContainer))
#6 {main}
  thrown /var/www/local/app/Model/AuthoriseModel.php line 25
16:56:09 ERROR - Фатальная ошибка Uncaught Error: Call to undefined method app\Model\AuthoriseModel::fetch_array() in /var/www/local/app/Model/AbstractModel.php:21
Stack trace:
#0 /var/www/local/app/Model/AuthoriseModel.php(25): app\Model\AbstractModel->get_user_data('111', 'f6e0a1e2ac41945...')
#1 /var/www/local/app/Model/AuthoriseModel.php(38): app\Model\AuthoriseModel->checks_fields(Array)
#2 /var/www/local/app/Controller/AccountController.php(14): app\Model\AuthoriseModel->autorise()
#3 /var/www/local/app/Model/Container/ServiceBag.php(69): app\Controller\AccountController->loginAction()
#4 /var/www/local/app/Model/Container/ServiceContainer.php(25): app\Model\Container\ServiceBag::app\Model\Container\{closure}(Object(app\Model\Container\ServiceContainer))
#5 /var/www/local/app/Core/Dispatcher.php(12): app\Model\Container\ServiceContainer->get('Controller')
#6 /var/www/local/index.php(10): app\Core\Dispatcher->__construct(Object(app\Model\Container\ServiceContainer))
#7 {main}
  thrown /var/www/local/app/Model/AbstractModel.php line 21
16:56:52 ERROR - Фатальная ошибка Uncaught Error: Call to undefined method app\Model\AuthoriseModel::select() in /var/www/local/app/Model/AbstractModel.php:21
Stack trace:
#0 /var/www/local/app/Model/AuthoriseModel.php(25): app\Model\AbstractModel->get_user_data('111', 'f6e0a1e2ac41945...')
#1 /var/www/local/app/Model/AuthoriseModel.php(38): app\Model\AuthoriseModel->checks_fields(Array)
#2 /var/www/local/app/Controller/AccountController.php(14): app\Model\AuthoriseModel->autorise()
#3 /var/www/local/app/Model/Container/ServiceBag.php(69): app\Controller\AccountController->loginAction()
#4 /var/www/local/app/Model/Container/ServiceContainer.php(25): app\Model\Container\ServiceBag::app\Model\Container\{closure}(Object(app\Model\Container\ServiceContainer))
#5 /var/www/local/app/Core/Dispatcher.php(12): app\Model\Container\ServiceContainer->get('Controller')
#6 /var/www/local/index.php(10): app\Core\Dispatcher->__construct(Object(app\Model\Container\ServiceContainer))
#7 {main}
  thrown /var/www/local/app/Model/AbstractModel.php line 21
16:57:09 ERROR - Фатальная ошибка Uncaught Error: Call to undefined method app\Model\AuthoriseModel::select() in /var/www/local/app/Model/AbstractModel.php:21
Stack trace:
#0 /var/www/local/app/Model/AuthoriseModel.php(25): app\Model\AbstractModel->get_user_data('111', 'f6e0a1e2ac41945...')
#1 /var/www/local/app/Model/AuthoriseModel.php(38): app\Model\AuthoriseModel->checks_fields(Array)
#2 /var/www/local/app/Controller/AccountController.php(14): app\Model\AuthoriseModel->autorise()
#3 /var/www/local/app/Model/Container/ServiceBag.php(69): app\Controller\AccountController->loginAction()
#4 /var/www/local/app/Model/Container/ServiceContainer.php(25): app\Model\Container\ServiceBag::app\Model\Container\{closure}(Object(app\Model\Container\ServiceContainer))
#5 /var/www/local/app/Core/Dispatcher.php(12): app\Model\Container\ServiceContainer->get('Controller')
#6 /var/www/local/index.php(10): app\Core\Dispatcher->__construct(Object(app\Model\Container\ServiceContainer))
#7 {main}
  thrown /var/www/local/app/Model/AbstractModel.php line 21
16:59:15 ERROR - Фатальная ошибка Uncaught Error: Call to a member function prepareJoin() on null in /var/www/local/app/Model/Database/QueryPrepare.php:38
Stack trace:
#0 /var/www/local/app/Model/Database/QueryPrepare.php(19): app\Model\Database\QueryPrepare->QueryToString(Array)
#1 /var/www/local/app/Model/Database/Database.php(45): app\Model\Database\QueryPrepare->select('permission_room', Array, Array)
#2 /var/www/local/app/Model/AbstractModel.php(27): app\Model\Database\Database->select('permission_room', Array, Array)
#3 /var/www/local/app/Model/AuthoriseModel.php(25): app\Model\AbstractModel->get_user_data('111', 'f6e0a1e2ac41945...')
#4 /var/www/local/app/Model/AuthoriseModel.php(38): app\Model\AuthoriseModel->checks_fields(Array)
#5 /var/www/local/app/Controller/AccountController.php(14): app\Model\AuthoriseModel->autorise()
#6 /var/www/local/app/Model/Container/ServiceBag.php(69): app\Controller\AccountController->loginAction()
#7 /var/www/local/app/Model/Container/ServiceContainer.php(25): app\Model\Container\ServiceBag::app\Model\C /var/www/local/app/Model/Database/QueryPrepare.php line 38
17:04:59 NOTICE - Уведомление Undefined index: JOIN /var/www/local/app/Model/Database/Join.php line 11
17:04:59 ERROR - Фатальная ошибка Uncaught TypeError: Argument 1 passed to app\Model\Database\Join::prepareJoin() must be of the type array, null given, called in /var/www/local/app/Model/Database/Join.php on line 11 and defined in /var/www/local/app/Model/Database/Join.php:8
Stack trace:
#0 /var/www/local/app/Model/Database/Join.php(11): app\Model\Database\Join->prepareJoin(NULL)
#1 /var/www/local/app/Model/Database/Join.php(11): app\Model\Database\Join->prepareJoin(Array)
#2 /var/www/local/app/Model/Database/QueryPrepare.php(39): app\Model\Database\Join->prepareJoin(Array)
#3 /var/www/local/app/Model/Database/QueryPrepare.php(20): app\Model\Database\QueryPrepare->QueryToString(Array)
#4 /var/www/local/app/Model/Database/Database.php(45): app\Model\Database\QueryPrepare->select('permission_room', Array, Array)
#5 /var/www/local/app/Model/AbstractModel.php(27): app\Model\Database\Database->select('permission_room', Array, Array)
#6 /var/www/local/app/Model/AuthoriseModel.php(25): app\Model\AbstractModel->get_user_data('111', 'f6e0a1e2ac41945. /var/www/local/app/Model/Database/Join.php line 8
17:06:59 NOTICE - Уведомление Undefined index: JOIN /var/www/local/app/Model/Database/Join.php line 11
17:06:59 ERROR - Фатальная ошибка Uncaught TypeError: Argument 1 passed to app\Model\Database\Join::prepareJoin() must be of the type array, null given, called in /var/www/local/app/Model/Database/Join.php on line 11 and defined in /var/www/local/app/Model/Database/Join.php:8
Stack trace:
#0 /var/www/local/app/Model/Database/Join.php(11): app\Model\Database\Join->prepareJoin(NULL)
#1 /var/www/local/app/Model/Database/Join.php(11): app\Model\Database\Join->prepareJoin(Array)
#2 /var/www/local/app/Model/Database/QueryPrepare.php(40): app\Model\Database\Join->prepareJoin(Array)
#3 /var/www/local/app/Model/Database/QueryPrepare.php(20): app\Model\Database\QueryPrepare->QueryToString(Array)
#4 /var/www/local/app/Model/Database/Database.php(45): app\Model\Database\QueryPrepare->select('permission_room', Array, Array)
#5 /var/www/local/app/Model/AbstractModel.php(27): app\Model\Database\Database->select('permission_room', Array, Array)
#6 /var/www/local/app/Model/AuthoriseModel.php(25): app\Model\AbstractModel->get_user_data('111', 'f6e0a1e2ac41945. /var/www/local/app/Model/Database/Join.php line 8
17:07:22 NOTICE - Уведомление Undefined index: JOIN /var/www/local/app/Model/Database/Join.php line 11
17:07:22 ERROR - Фатальная ошибка Uncaught TypeError: Argument 1 passed to app\Model\Database\Join::prepareJoin() must be of the type array, null given, called in /var/www/local/app/Model/Database/Join.php on line 11 and defined in /var/www/local/app/Model/Database/Join.php:8
Stack trace:
#0 /var/www/local/app/Model/Database/Join.php(11): app\Model\Database\Join->prepareJoin(NULL)
#1 /var/www/local/app/Model/Database/Join.php(11): app\Model\Database\Join->prepareJoin(Array)
#2 /var/www/local/app/Model/Database/QueryPrepare.php(40): app\Model\Database\Join->prepareJoin(Array)
#3 /var/www/local/app/Model/Database/QueryPrepare.php(20): app\Model\Database\QueryPrepare->QueryToString(Array)
#4 /var/www/local/app/Model/Database/Database.php(45): app\Model\Database\QueryPrepare->select('permission_room', Array, Array)
#5 /var/www/local/app/Model/AbstractModel.php(27): app\Model\Database\Database->select('permission_room', Array, Array)
#6 /var/www/local/app/Model/AuthoriseModel.php(25): app\Model\AbstractModel->get_user_data('111', 'f6e0a1e2ac41945. /var/www/local/app/Model/Database/Join.php line 8
17:09:28 PARSE - Ошибка syntax error, unexpected 'foreach' (T_FOREACH) /var/www/local/app/Model/Database/Join.php line 10
17:11:52 NOTICE - Уведомление Undefined index: JOIN /var/www/local/app/Model/Database/QueryPrepare.php line 108
17:11:52 ERROR - Фатальная ошибка Uncaught TypeError: Argument 1 passed to app\Model\Database\QueryPrepare::prepareJoin() must be of the type array, null given, called in /var/www/local/app/Model/Database/QueryPrepare.php on line 108 and defined in /var/www/local/app/Model/Database/QueryPrepare.php:105
Stack trace:
#0 /var/www/local/app/Model/Database/QueryPrepare.php(108): app\Model\Database\QueryPrepare->prepareJoin(NULL)
#1 /var/www/local/app/Model/Database/QueryPrepare.php(108): app\Model\Database\QueryPrepare->prepareJoin(Array)
#2 /var/www/local/app/Model/Database/QueryPrepare.php(39): app\Model\Database\QueryPrepare->prepareJoin(Array)
#3 /var/www/local/app/Model/Database/QueryPrepare.php(20): app\Model\Database\QueryPrepare->QueryToString(Array)
#4 /var/www/local/app/Model/Database/Database.php(45): app\Model\Database\QueryPrepare->select('permission_room', Array, Array)
#5 /var/www/local/app/Model/AbstractModel.php(27): app\Model\Database\Database->select('permission_room', Array, Array)
#6 /var/www/local/app/Model/AuthoriseModel.php /var/www/local/app/Model/Database/QueryPrepare.php line 105
17:15:58 NOTICE - Уведомление Undefined index: JOIN /var/www/local/app/Model/Database/QueryPrepare.php line 108
17:15:58 ERROR - Фатальная ошибка Uncaught TypeError: Argument 1 passed to app\Model\Database\QueryPrepare::prepareJoin() must be of the type array, null given, called in /var/www/local/app/Model/Database/QueryPrepare.php on line 108 and defined in /var/www/local/app/Model/Database/QueryPrepare.php:105
Stack trace:
#0 /var/www/local/app/Model/Database/QueryPrepare.php(108): app\Model\Database\QueryPrepare->prepareJoin(NULL)
#1 /var/www/local/app/Model/Database/QueryPrepare.php(108): app\Model\Database\QueryPrepare->prepareJoin(Array)
#2 /var/www/local/app/Model/Database/QueryPrepare.php(39): app\Model\Database\QueryPrepare->prepareJoin(Array)
#3 /var/www/local/app/Model/Database/QueryPrepare.php(20): app\Model\Database\QueryPrepare->QueryToString(Array)
#4 /var/www/local/app/Model/Database/Database.php(45): app\Model\Database\QueryPrepare->select('permission_room', Array, Array)
#5 /var/www/local/app/Model/AbstractModel.php(27): app\Model\Database\Database->select('permission_room', Array, Array)
#6 /var/www/local/app/Model/AuthoriseModel.php /var/www/local/app/Model/Database/QueryPrepare.php line 105
17:16:58 NOTICE - Уведомление Undefined index: JOIN /var/www/local/app/Model/Database/QueryPrepare.php line 108
17:16:58 ERROR - Фатальная ошибка Uncaught TypeError: Argument 1 passed to app\Model\Database\QueryPrepare::prepareJoin() must be of the type array, null given, called in /var/www/local/app/Model/Database/QueryPrepare.php on line 108 and defined in /var/www/local/app/Model/Database/QueryPrepare.php:105
Stack trace:
#0 /var/www/local/app/Model/Database/QueryPrepare.php(108): app\Model\Database\QueryPrepare->prepareJoin(NULL)
#1 /var/www/local/app/Model/Database/QueryPrepare.php(108): app\Model\Database\QueryPrepare->prepareJoin(Array)
#2 /var/www/local/app/Model/Database/QueryPrepare.php(39): app\Model\Database\QueryPrepare->prepareJoin(Array)
#3 /var/www/local/app/Model/Database/QueryPrepare.php(20): app\Model\Database\QueryPrepare->QueryToString(Array)
#4 /var/www/local/app/Model/Database/Database.php(45): app\Model\Database\QueryPrepare->select('permission_room', Array, Array)
#5 /var/www/local/app/Model/AbstractModel.php(27): app\Model\Database\Database->select('permission_room', Array, Array)
#6 /var/www/local/app/Model/AuthoriseModel.php /var/www/local/app/Model/Database/QueryPrepare.php line 105
17:19:05 NOTICE - Уведомление Undefined index: JOIN /var/www/local/app/Model/Database/QueryPrepare.php line 108
17:19:05 ERROR - Фатальная ошибка Uncaught TypeError: Argument 1 passed to app\Model\Database\QueryPrepare::prepareJoin() must be of the type array, null given, called in /var/www/local/app/Model/Database/QueryPrepare.php on line 108 and defined in /var/www/local/app/Model/Database/QueryPrepare.php:105
Stack trace:
#0 /var/www/local/app/Model/Database/QueryPrepare.php(108): app\Model\Database\QueryPrepare->prepareJoin(NULL)
#1 /var/www/local/app/Model/Database/QueryPrepare.php(108): app\Model\Database\QueryPrepare->prepareJoin(Array)
#2 /var/www/local/app/Model/Database/QueryPrepare.php(39): app\Model\Database\QueryPrepare->prepareJoin(Array)
#3 /var/www/local/app/Model/Database/QueryPrepare.php(20): app\Model\Database\QueryPrepare->QueryToString(Array)
#4 /var/www/local/app/Model/Database/Database.php(45): app\Model\Database\QueryPrepare->select('permission_room', Array, Array)
#5 /var/www/local/app/Model/AbstractModel.php(27): app\Model\Database\Database->select('permission_room', Array, Array)
#6 /var/www/local/app/Model/AuthoriseModel.php /var/www/local/app/Model/Database/QueryPrepare.php line 105
17:19:38 NOTICE - Уведомление Undefined index: JOIN /var/www/local/app/Model/Database/QueryPrepare.php line 108
17:19:38 ERROR - Фатальная ошибка Uncaught TypeError: Argument 1 passed to app\Model\Database\QueryPrepare::prepareJoin() must be of the type array, null given, called in /var/www/local/app/Model/Database/QueryPrepare.php on line 108 and defined in /var/www/local/app/Model/Database/QueryPrepare.php:105
Stack trace:
#0 /var/www/local/app/Model/Database/QueryPrepare.php(108): app\Model\Database\QueryPrepare->prepareJoin(NULL)
#1 /var/www/local/app/Model/Database/QueryPrepare.php(108): app\Model\Database\QueryPrepare->prepareJoin(Array)
#2 /var/www/local/app/Model/Database/QueryPrepare.php(39): app\Model\Database\QueryPrepare->prepareJoin(Array)
#3 /var/www/local/app/Model/Database/QueryPrepare.php(20): app\Model\Database\QueryPrepare->QueryToString(Array)
#4 /var/www/local/app/Model/Database/Database.php(45): app\Model\Database\QueryPrepare->select('permission_room', Array, Array)
#5 /var/www/local/app/Model/AbstractModel.php(27): app\Model\Database\Database->select('permission_room', Array, Array)
#6 /var/www/local/app/Model/AuthoriseModel.php /var/www/local/app/Model/Database/QueryPrepare.php line 105
17:30:11 NOTICE - Уведомление Undefined index: Type /var/www/local/app/Model/Database/QueryPrepare.php line 110
17:31:18 NOTICE - Уведомление Undefined index: Type /var/www/local/app/Model/Database/QueryPrepare.php line 110
17:31:18 NOTICE - Уведомление Undefined index: Type /var/www/local/app/Model/Database/QueryPrepare.php line 110
17:31:57 PARSE - Ошибка syntax error, unexpected end of file, expecting function (T_FUNCTION) or const (T_CONST) /var/www/local/app/Model/RegisterModel.php line 68
17:32:09 NOTICE - Уведомление Undefined index: Type /var/www/local/app/Model/Database/QueryPrepare.php line 110
17:32:09 NOTICE - Уведомление Undefined index: Type /var/www/local/app/Model/Database/QueryPrepare.php line 110
17:32:15 NOTICE - Уведомление Undefined index: Type /var/www/local/app/Model/Database/QueryPrepare.php line 110
17:32:15 NOTICE - Уведомление Undefined index: Type /var/www/local/app/Model/Database/QueryPrepare.php line 110
17:44:54 NOTICE - Уведомление Undefined index: Type /var/www/local/app/Model/Database/QueryPrepare.php line 110
17:44:54 WARNING - Предупреждение Invalid argument supplied for foreach() /var/www/local/app/Model/Database/QueryPrepare.php line 79
17:44:54 ERROR - Фатальная ошибка Uncaught TypeError: Return value of app\Model\Database\QueryPrepare::getQueryParams() must be of the type array, string returned in /var/www/local/app/Model/Database/QueryPrepare.php:82
Stack trace:
#0 /var/www/local/app/Model/Database/QueryPrepare.php(112): app\Model\Database\QueryPrepare->getQueryParams('room.id')
#1 /var/www/local/app/Model/Database/QueryPrepare.php(39): app\Model\Database\QueryPrepare->prepareJoin(Array)
#2 /var/www/local/app/Model/Database/QueryPrepare.php(20): app\Model\Database\QueryPrepare->QueryToString(Array)
#3 /var/www/local/app/Model/Database/Database.php(45): app\Model\Database\QueryPrepare->select('permission_room', Array, Array)
#4 /var/www/local/app/Model/AbstractModel.php(27): app\Model\Database\Database->select('permission_room', Array, Array)
#5 /var/www/local/app/Model/AuthoriseModel.php(25): app\Model\AbstractModel->get_user_data('111', 'f6e0a1e2ac41945...')
#6 /var/www/local/app/Model/AuthoriseModel.php(38): app\Model\AuthoriseModel->checks_fields(Array)
#7 /var/www/loc /var/www/local/app/Model/Database/QueryPrepare.php line 82
19:13:22 NOTICE - Уведомление Undefined index: Type /var/www/local/app/Model/Database/QueryPrepare.php line 110
19:13:22 ERROR - Фатальная ошибка Uncaught TypeError: Argument 1 passed to app\Model\Database\QueryPrepare::constructQueryString() must be of the type array, string given, called in /var/www/local/app/Model/Database/QueryPrepare.php on line 112 and defined in /var/www/local/app/Model/Database/QueryPrepare.php:65
Stack trace:
#0 /var/www/local/app/Model/Database/QueryPrepare.php(112): app\Model\Database\QueryPrepare->constructQueryString('room.id')
#1 /var/www/local/app/Model/Database/QueryPrepare.php(39): app\Model\Database\QueryPrepare->prepareJoin(Array)
#2 /var/www/local/app/Model/Database/QueryPrepare.php(20): app\Model\Database\QueryPrepare->QueryToString(Array)
#3 /var/www/local/app/Model/Database/Database.php(45): app\Model\Database\QueryPrepare->select('permission_room', Array, Array)
#4 /var/www/local/app/Model/AbstractModel.php(27): app\Model\Database\Database->select('permission_room', Array, Array)
#5 /var/www/local/app/Model/AuthoriseModel.php(25): app\Model\AbstractModel->get_user_data('111', 'f6e0a1e2ac41945...')
#6 /var/www/lo /var/www/local/app/Model/Database/QueryPrepare.php line 65
19:17:08 NOTICE - Уведомление Undefined index: Type /var/www/local/app/Model/Database/QueryPrepare.php line 110
19:17:08 NOTICE - Уведомление Undefined index: Type /var/www/local/app/Model/Database/QueryPrepare.php line 110
19:17:37 NOTICE - Уведомление Undefined index: Type /var/www/local/app/Model/Database/QueryPrepare.php line 110
19:17:37 NOTICE - Уведомление Undefined index: Type /var/www/local/app/Model/Database/QueryPrepare.php line 110
19:19:03 NOTICE - Уведомление Undefined index: Type /var/www/local/app/Model/Database/QueryPrepare.php line 110
19:19:03 NOTICE - Уведомление Undefined index: Type /var/www/local/app/Model/Database/QueryPrepare.php line 110
19:19:03 NOTICE - Уведомление Array to string conversion /var/www/local/app/Model/Database/QueryPrepare.php line 41
19:19:03 NOTICE - Уведомление Array to string conversion /var/www/local/app/Model/Database/QueryPrepare.php line 41
19:19:28 NOTICE - Уведомление Undefined index: Type /var/www/local/app/Model/Database/QueryPrepare.php line 110
19:19:28 NOTICE - Уведомление Undefined index: Type /var/www/local/app/Model/Database/QueryPrepare.php line 110
19:20:56 NOTICE - Уведомление Undefined index: Type /var/www/local/app/Model/Database/QueryPrepare.php line 111
19:20:56 NOTICE - Уведомление Undefined index: Type /var/www/local/app/Model/Database/QueryPrepare.php line 111
19:24:12 NOTICE - Уведомление Undefined index: Type /var/www/local/app/Model/Database/QueryPrepare.php line 111
19:24:12 NOTICE - Уведомление Undefined index: Type /var/www/local/app/Model/Database/QueryPrepare.php line 111
20:36:34 ERROR - Фатальная ошибка Uncaught ArgumentCountError: Too few arguments to function app\Model\Database\Join::__construct(), 0 passed in /var/www/local/app/Model/Container/ServiceBag.php on line 48 and exactly 1 expected in /var/www/local/app/Model/Database/Join.php:9
Stack trace:
#0 /var/www/local/app/Model/Container/ServiceBag.php(48): app\Model\Database\Join->__construct()
#1 /var/www/local/app/Model/Container/ServiceContainer.php(12): app\Model\Container\ServiceBag::preparedConfigServise()
#2 /var/www/local/index.php(10): app\Model\Container\ServiceContainer->__construct()
#3 {main}
  thrown /var/www/local/app/Model/Database/Join.php line 9
20:38:16 WARNING - Предупреждение Invalid argument supplied for foreach() /var/www/local/app/Model/Database/QueryPrepare.php line 81
20:38:16 ERROR - Фатальная ошибка Uncaught TypeError: Return value of app\Model\Database\QueryPrepare::getQueryParams() must be of the type array, null returned in /var/www/local/app/Model/Database/QueryPrepare.php:84
Stack trace:
#0 /var/www/local/app/Model/Database/QueryPrepare.php(40): app\Model\Database\QueryPrepare->getQueryParams(NULL)
#1 /var/www/local/app/Model/Database/QueryPrepare.php(20): app\Model\Database\QueryPrepare->QueryToString(Array)
#2 /var/www/local/app/Model/Database/Database.php(45): app\Model\Database\QueryPrepare->select('permission_room', Array, Array)
#3 /var/www/local/app/Model/AbstractModel.php(29): app\Model\Database\Database->select('permission_room', Array, Array)
#4 /var/www/local/app/Model/AuthoriseModel.php(25): app\Model\AbstractModel->get_user_data('111', 'f6e0a1e2ac41945...')
#5 /var/www/local/app/Model/AuthoriseModel.php(38): app\Model\AuthoriseModel->checks_fields(Array)
#6 /var/www/local/app/Controller/AccountController.php(14): app\Model\AuthoriseModel->autorise()
#7 /var/www/local/app/Model/Container /var/www/local/app/Model/Database/QueryPrepare.php line 84
20:39:03 WARNING - Предупреждение Invalid argument supplied for foreach() /var/www/local/app/Model/Database/QueryPrepare.php line 81
20:39:03 ERROR - Фатальная ошибка Uncaught TypeError: Return value of app\Model\Database\QueryPrepare::getQueryParams() must be of the type array, null returned in /var/www/local/app/Model/Database/QueryPrepare.php:84
Stack trace:
#0 /var/www/local/app/Model/Database/QueryPrepare.php(40): app\Model\Database\QueryPrepare->getQueryParams(NULL)
#1 /var/www/local/app/Model/Database/QueryPrepare.php(20): app\Model\Database\QueryPrepare->QueryToString(Array)
#2 /var/www/local/app/Model/Database/Database.php(45): app\Model\Database\QueryPrepare->select('permission_room', Array, Array)
#3 /var/www/local/app/Model/AbstractModel.php(29): app\Model\Database\Database->select('permission_room', Array, Array)
#4 /var/www/local/app/Model/AuthoriseModel.php(25): app\Model\AbstractModel->get_user_data('111', 'f6e0a1e2ac41945...')
#5 /var/www/local/app/Model/AuthoriseModel.php(38): app\Model\AuthoriseModel->checks_fields(Array)
#6 /var/www/local/app/Controller/AccountController.php(14): app\Model\AuthoriseModel->autorise()
#7 /var/www/local/app/Model/Container /var/www/local/app/Model/Database/QueryPrepare.php line 84
20:39:28 NOTICE - Уведомление Undefined variable: test /var/www/local/app/Model/Database/QueryPrepare.php line 40
20:39:28 WARNING - Предупреждение Invalid argument supplied for foreach() /var/www/local/app/Model/Database/QueryPrepare.php line 41
20:39:28 ERROR - Фатальная ошибка Uncaught TypeError: Argument 1 passed to app\Model\Database\Database::fetch_assoc() must be an object, boolean given, called in /var/www/local/app/Model/AbstractModel.php on line 30 and defined in /var/www/local/app/Model/Database/Database.php:32
Stack trace:
#0 /var/www/local/app/Model/AbstractModel.php(30): app\Model\Database\Database->fetch_assoc(false)
#1 /var/www/local/app/Model/AuthoriseModel.php(25): app\Model\AbstractModel->get_user_data('111', 'f6e0a1e2ac41945...')
#2 /var/www/local/app/Model/AuthoriseModel.php(38): app\Model\AuthoriseModel->checks_fields(Array)
#3 /var/www/local/app/Controller/AccountController.php(14): app\Model\AuthoriseModel->autorise()
#4 /var/www/local/app/Model/Container/ServiceBag.php(77): app\Controller\AccountController->loginAction()
#5 /var/www/local/app/Model/Container/ServiceContainer.php(25): app\Model\Container\ServiceBag::app\Model\Container\{closure}(Object(app\Model\Container\ServiceContainer))
#6 /var/www/local/app/Core/Dispatcher.php(12): app\Model\Container\Serv /var/www/local/app/Model/Database/Database.php line 32
20:40:22 WARNING - Предупреждение Invalid argument supplied for foreach() /var/www/local/app/Model/Database/QueryPrepare.php line 41
20:40:22 ERROR - Фатальная ошибка Uncaught TypeError: Argument 1 passed to app\Model\Database\Database::fetch_assoc() must be an object, boolean given, called in /var/www/local/app/Model/AbstractModel.php on line 30 and defined in /var/www/local/app/Model/Database/Database.php:32
Stack trace:
#0 /var/www/local/app/Model/AbstractModel.php(30): app\Model\Database\Database->fetch_assoc(false)
#1 /var/www/local/app/Model/AuthoriseModel.php(25): app\Model\AbstractModel->get_user_data('111', 'f6e0a1e2ac41945...')
#2 /var/www/local/app/Model/AuthoriseModel.php(38): app\Model\AuthoriseModel->checks_fields(Array)
#3 /var/www/local/app/Controller/AccountController.php(14): app\Model\AuthoriseModel->autorise()
#4 /var/www/local/app/Model/Container/ServiceBag.php(77): app\Controller\AccountController->loginAction()
#5 /var/www/local/app/Model/Container/ServiceContainer.php(25): app\Model\Container\ServiceBag::app\Model\Container\{closure}(Object(app\Model\Container\ServiceContainer))
#6 /var/www/local/app/Core/Dispatcher.php(12): app\Model\Container\Serv /var/www/local/app/Model/Database/Database.php line 32
20:49:35 PARSE - Ошибка syntax error, unexpected 'if' (T_IF) /var/www/local/app/Model/Database/Join.php line 16
20:49:50 WARNING - Предупреждение implode(): Invalid arguments passed /var/www/local/app/Model/Database/Join.php line 32
20:49:50 WARNING - Предупреждение implode(): Invalid arguments passed /var/www/local/app/Model/Database/Join.php line 32
21:11:18 RECOVERABLE_ERROR - Фатальная ошибка Method app\Model\Response\JsonResponse::__toString() must return a string value /var/www/local/index.php line 13
21:12:56 RECOVERABLE_ERROR - Фатальная ошибка Method app\Model\Response\JsonResponse::__toString() must return a string value /var/www/local/index.php line 13
21:13:58 NOTICE - Уведомление Undefined variable: password /var/www/local/app/Model/AuthoriseModel.php line 23
21:13:58 ERROR - Фатальная ошибка Uncaught TypeError: Argument 2 passed to app\Model\AbstractModel::get_user_data() must be of the type string, null given, called in /var/www/local/app/Model/AuthoriseModel.php on line 23 and defined in /var/www/local/app/Model/AbstractModel.php:18
Stack trace:
#0 /var/www/local/app/Model/AuthoriseModel.php(23): app\Model\AbstractModel->get_user_data('111', NULL)
#1 /var/www/local/app/Model/AuthoriseModel.php(39): app\Model\AuthoriseModel->checks_fields(Array)
#2 /var/www/local/app/Controller/AccountController.php(14): app\Model\AuthoriseModel->autorise()
#3 /var/www/local/app/Model/Container/ServiceBag.php(77): app\Controller\AccountController->loginAction()
#4 /var/www/local/app/Model/Container/ServiceContainer.php(25): app\Model\Container\ServiceBag::app\Model\Container\{closure}(Object(app\Model\Container\ServiceContainer))
#5 /var/www/local/app/Core/Dispatcher.php(12): app\Model\Container\ServiceContainer->get('Controller')
#6 /var/www/local/index.php(10): app\Core\Dispatcher->__construct(Object(app\Model /var/www/local/app/Model/AbstractModel.php line 18
21:19:15 RECOVERABLE_ERROR - Фатальная ошибка Method app\Model\Response\JsonResponse::__toString() must return a string value /var/www/local/index.php line 13
21:19:36 RECOVERABLE_ERROR - Фатальная ошибка Method app\Model\Response\JsonResponse::__toString() must return a string value /var/www/local/index.php line 13
22:00:08 PARSE - Ошибка syntax error, unexpected 'user_data' (T_STRING) /var/www/local/app/Model/AbstractModel.php line 56
22:13:42 RECOVERABLE_ERROR - Фатальная ошибка Method app\Model\Response\JsonResponse::__toString() must return a string value /var/www/local/index.php line 13
23:12:36 RECOVERABLE_ERROR - Фатальная ошибка Method app\Model\Response\JsonResponse::__toString() must return a string value /var/www/local/index.php line 13
23:13:59 NOTICE - Уведомление Undefined property: app\Model\Request\Cookie::$params /var/www/local/app/Model/Request/AbstractParameterBag.php line 18
23:13:59 WARNING - Предупреждение array_key_exists() expects parameter 2 to be array, null given /var/www/local/app/Model/Request/AbstractParameterBag.php line 18
23:13:59 NOTICE - Уведомление Undefined property: app\Model\Request\Cookie::$params /var/www/local/app/Model/Request/AbstractParameterBag.php line 18
23:13:59 WARNING - Предупреждение array_key_exists() expects parameter 2 to be array, null given /var/www/local/app/Model/Request/AbstractParameterBag.php line 18
23:16:07 ERROR - Фатальная ошибка Uncaught Error: Call to undefined method app\Controller\MainController::check_user_coockie() in /var/www/local/app/Controller/MainController.php:8
Stack trace:
#0 /var/www/local/app/Model/Container/ServiceBag.php(77): app\Controller\MainController->MainAction()
#1 /var/www/local/app/Model/Container/ServiceContainer.php(25): app\Model\Container\ServiceBag::app\Model\Container\{closure}(Object(app\Model\Container\ServiceContainer))
#2 /var/www/local/app/Core/Dispatcher.php(12): app\Model\Container\ServiceContainer->get('Controller')
#3 /var/www/local/index.php(10): app\Core\Dispatcher->__construct(Object(app\Model\Container\ServiceContainer))
#4 {main}
  thrown /var/www/local/app/Controller/MainController.php line 8
23:16:22 ERROR - Фатальная ошибка Uncaught Error: Call to undefined method app\Controller\MainController::check_user_coockie() in /var/www/local/app/Controller/MainController.php:8
Stack trace:
#0 /var/www/local/app/Model/Container/ServiceBag.php(77): app\Controller\MainController->MainAction()
#1 /var/www/local/app/Model/Container/ServiceContainer.php(25): app\Model\Container\ServiceBag::app\Model\Container\{closure}(Object(app\Model\Container\ServiceContainer))
#2 /var/www/local/app/Core/Dispatcher.php(12): app\Model\Container\ServiceContainer->get('Controller')
#3 /var/www/local/index.php(10): app\Core\Dispatcher->__construct(Object(app\Model\Container\ServiceContainer))
#4 {main}
  thrown /var/www/local/app/Controller/MainController.php line 8
