11:46:07 WARNING - Предупреждение mysqli::__construct(): (HY000/1045): Access denied for user ''@'localhost' (using password: NO) /var/www/local/app/Component/Database/Connection.php line 14
11:47:06 WARNING - Предупреждение mysqli::__construct(): (HY000/1045): Access denied for user ''@'localhost' (using password: NO) /var/www/local/app/Component/Database/Connection.php line 14
11:47:30 WARNING - Предупреждение mysqli::__construct(): (HY000/1045): Access denied for user ''@'localhost' (using password: NO) /var/www/local/app/Component/Database/Connection.php line 14
11:48:13 WARNING - Предупреждение mysqli::__construct(): (HY000/1045): Access denied for user ''@'localhost' (using password: NO) /var/www/local/app/Component/Database/Connection.php line 14
11:48:51 WARNING - Предупреждение mysqli::__construct(): (HY000/1045): Access denied for user ''@'localhost' (using password: NO) /var/www/local/app/Component/Database/Connection.php line 14
13:27:05 WARNING - Предупреждение mysqli::escape_string(): invalid object or resource mysqli
 /var/www/local/app/Component/Database/QueryConfig.php line 102
13:27:05 WARNING - Предупреждение mysqli::escape_string(): invalid object or resource mysqli
 /var/www/local/app/Component/Database/QueryConfig.php line 102
13:27:25 WARNING - Предупреждение mysqli::escape_string(): invalid object or resource mysqli
 /var/www/local/app/Component/Database/QueryConfig.php line 102
13:27:25 WARNING - Предупреждение mysqli::escape_string(): invalid object or resource mysqli
 /var/www/local/app/Component/Database/QueryConfig.php line 102
13:27:53 WARNING - Предупреждение mysqli::escape_string(): invalid object or resource mysqli
 /var/www/local/app/Component/Database/QueryConfig.php line 102
13:27:53 WARNING - Предупреждение mysqli::escape_string(): invalid object or resource mysqli
 /var/www/local/app/Component/Database/QueryConfig.php line 102
13:28:27 WARNING - Предупреждение mysqli::escape_string(): invalid object or resource mysqli
 /var/www/local/app/Component/Database/QueryConfig.php line 102
13:28:27 WARNING - Предупреждение mysqli::escape_string(): invalid object or resource mysqli
 /var/www/local/app/Component/Database/QueryConfig.php line 102
13:28:27 WARNING - Предупреждение mysqli::set_charset(): invalid object or resource mysqli
 /var/www/local/app/Component/Database.php line 20
13:28:27 WARNING - Предупреждение mysqli::query(): invalid object or resource mysqli
 /var/www/local/app/Component/Database.php line 21
13:42:40 WARNING - Предупреждение mysqli::escape_string(): invalid object or resource mysqli
 /var/www/local/app/Component/Database/QueryConfig.php line 102
13:42:40 WARNING - Предупреждение mysqli::escape_string(): invalid object or resource mysqli
 /var/www/local/app/Component/Database/QueryConfig.php line 102
13:42:40 WARNING - Предупреждение mysqli::set_charset(): invalid object or resource mysqli
 /var/www/local/app/Component/Database.php line 20
13:42:40 WARNING - Предупреждение mysqli::query(): invalid object or resource mysqli
 /var/www/local/app/Component/Database.php line 21
14:03:57 WARNING - Предупреждение mysqli::escape_string(): invalid object or resource mysqli
 /var/www/local/app/Component/Database/QueryConfig.php line 102
14:03:57 WARNING - Предупреждение mysqli::escape_string(): invalid object or resource mysqli
 /var/www/local/app/Component/Database/QueryConfig.php line 102
14:03:57 WARNING - Предупреждение mysqli::set_charset(): invalid object or resource mysqli
 /var/www/local/app/Component/Database.php line 20
14:03:57 WARNING - Предупреждение mysqli::query(): invalid object or resource mysqli
 /var/www/local/app/Component/Database.php line 21
14:05:17 WARNING - Предупреждение mysqli::escape_string(): invalid object or resource mysqli
 /var/www/local/app/Component/Database/QueryConfig.php line 102
14:05:17 WARNING - Предупреждение mysqli::escape_string(): invalid object or resource mysqli
 /var/www/local/app/Component/Database/QueryConfig.php line 102
14:05:17 WARNING - Предупреждение mysqli::set_charset(): invalid object or resource mysqli
 /var/www/local/app/Component/Database.php line 20
14:05:17 WARNING - Предупреждение mysqli::escape_string(): invalid object or resource mysqli
 /var/www/local/app/Component/Database/QueryConfig.php line 102
14:05:17 WARNING - Предупреждение mysqli::query(): invalid object or resource mysqli
 /var/www/local/app/Component/Database.php line 21
14:05:17 WARNING - Предупреждение mysqli::escape_string(): invalid object or resource mysqli
 /var/www/local/app/Component/Database/QueryConfig.php line 102
14:05:17 WARNING - Предупреждение mysqli::set_charset(): invalid object or resource mysqli
 /var/www/local/app/Component/Database.php line 20
14:05:17 WARNING - Предупреждение mysqli::query(): invalid object or resource mysqli
 /var/www/local/app/Component/Database.php line 21
14:05:29 WARNING - Предупреждение mysqli::escape_string(): invalid object or resource mysqli
 /var/www/local/app/Component/Database/QueryConfig.php line 102
14:05:29 WARNING - Предупреждение mysqli::escape_string(): invalid object or resource mysqli
 /var/www/local/app/Component/Database/QueryConfig.php line 102
14:05:29 WARNING - Предупреждение mysqli::escape_string(): invalid object or resource mysqli
 /var/www/local/app/Component/Database/QueryConfig.php line 102
14:05:29 WARNING - Предупреждение mysqli::escape_string(): invalid object or resource mysqli
 /var/www/local/app/Component/Database/QueryConfig.php line 102
14:05:29 WARNING - Предупреждение mysqli::set_charset(): invalid object or resource mysqli
 /var/www/local/app/Component/Database.php line 20
14:05:29 WARNING - Предупреждение mysqli::set_charset(): invalid object or resource mysqli
 /var/www/local/app/Component/Database.php line 20
14:05:29 WARNING - Предупреждение mysqli::query(): invalid object or resource mysqli
 /var/www/local/app/Component/Database.php line 21
14:05:29 WARNING - Предупреждение mysqli::query(): invalid object or resource mysqli
 /var/www/local/app/Component/Database.php line 21
