01:25:47 ERROR - Фатальная ошибка Uncaught TypeError: Argument 1 passed to app\Core\Dispatcher::__construct() must be an instance of app\Core\Request, instance of app\Core\Module\Request given, called in /var/www/local/index.php on line 10 and defined in /var/www/local/app/Core/Dispatcher.php:13
Stack trace:
#0 /var/www/local/index.php(10): app\Core\Dispatcher->__construct(Object(app\Core\Module\Request), Object(app\Core\Router))
#1 {main}
  thrown /var/www/local/app/Core/Dispatcher.php line 13
10:24:51 ERROR - Фатальная ошибка Uncaught TypeError: Argument 1 passed to app\Core\Dispatcher::__construct() must be an instance of app\Core\EventRequest, instance of app\Core\Module\Request given, called in /var/www/local/index.php on line 10 and defined in /var/www/local/app/Core/Dispatcher.php:13
Stack trace:
#0 /var/www/local/index.php(10): app\Core\Dispatcher->__construct(Object(app\Core\Module\Request), Object(app\Core\Router))
#1 {main}
  thrown /var/www/local/app/Core/Dispatcher.php line 13
10:25:39 ERROR - Фатальная ошибка Uncaught TypeError: Argument 1 passed to app\Core\Dispatcher::__construct() must be an instance of app\Core\EventRequest, instance of app\Core\Module\Request given, called in /var/www/local/index.php on line 10 and defined in /var/www/local/app/Core/Dispatcher.php:13
Stack trace:
#0 /var/www/local/index.php(10): app\Core\Dispatcher->__construct(Object(app\Core\Module\Request), Object(app\Core\Router))
#1 {main}
  thrown /var/www/local/app/Core/Dispatcher.php line 13
10:25:39 ERROR - Фатальная ошибка Uncaught TypeError: Argument 1 passed to app\Core\Dispatcher::__construct() must be an instance of app\Core\EventRequest, instance of app\Core\Module\Request given, called in /var/www/local/index.php on line 10 and defined in /var/www/local/app/Core/Dispatcher.php:13
Stack trace:
#0 /var/www/local/index.php(10): app\Core\Dispatcher->__construct(Object(app\Core\Module\Request), Object(app\Core\Router))
#1 {main}
  thrown /var/www/local/app/Core/Dispatcher.php line 13
10:25:55 ERROR - Фатальная ошибка Uncaught TypeError: Argument 1 passed to app\Core\Dispatcher::__construct() must be an instance of app\Core\Request, instance of app\Core\Module\Request given, called in /var/www/local/index.php on line 10 and defined in /var/www/local/app/Core/Dispatcher.php:13
Stack trace:
#0 /var/www/local/index.php(10): app\Core\Dispatcher->__construct(Object(app\Core\Module\Request), Object(app\Core\Router))
#1 {main}
  thrown /var/www/local/app/Core/Dispatcher.php line 13
10:28:33 ERROR - Фатальная ошибка Uncaught TypeError: Argument 1 passed to app\Core\Dispatcher::__construct() must be an instance of app\Core\Request, instance of app\Core\Module\Request given, called in /var/www/local/index.php on line 11 and defined in /var/www/local/app/Core/Dispatcher.php:13
Stack trace:
#0 /var/www/local/index.php(11): app\Core\Dispatcher->__construct(Object(app\Core\Module\Request), Object(app\Core\Router))
#1 {main}
  thrown /var/www/local/app/Core/Dispatcher.php line 13
10:28:47 ERROR - Фатальная ошибка Uncaught TypeError: Argument 1 passed to app\Core\Dispatcher::__construct() must be an instance of app\Core\Request, instance of app\Core\Module\Request given, called in /var/www/local/index.php on line 11 and defined in /var/www/local/app/Core/Dispatcher.php:13
Stack trace:
#0 /var/www/local/index.php(11): app\Core\Dispatcher->__construct(Object(app\Core\Module\Request), Object(app\Core\Router))
#1 {main}
  thrown /var/www/local/app/Core/Dispatcher.php line 13
10:28:48 ERROR - Фатальная ошибка Uncaught TypeError: Argument 1 passed to app\Core\Dispatcher::__construct() must be an instance of app\Core\Request, instance of app\Core\Module\Request given, called in /var/www/local/index.php on line 11 and defined in /var/www/local/app/Core/Dispatcher.php:13
Stack trace:
#0 /var/www/local/index.php(11): app\Core\Dispatcher->__construct(Object(app\Core\Module\Request), Object(app\Core\Router))
#1 {main}
  thrown /var/www/local/app/Core/Dispatcher.php line 13
10:30:29 ERROR - Фатальная ошибка Uncaught TypeError: Argument 1 passed to app\Core\Dispatcher::__construct() must be an instance of app\Core\Request, instance of app\Core\Module\Request given, called in /var/www/local/index.php on line 11 and defined in /var/www/local/app/Core/Dispatcher.php:13
Stack trace:
#0 /var/www/local/index.php(11): app\Core\Dispatcher->__construct(Object(app\Core\Module\Request), Object(app\Core\Router))
#1 {main}
  thrown /var/www/local/app/Core/Dispatcher.php line 13
10:36:41 ERROR - Фатальная ошибка Uncaught TypeError: Argument 1 passed to app\Core\Dispatcher::__construct() must be an instance of app\Core\app\Core\Module\Request, instance of app\Core\Module\Request given, called in /var/www/local/index.php on line 11 and defined in /var/www/local/app/Core/Dispatcher.php:13
Stack trace:
#0 /var/www/local/index.php(11): app\Core\Dispatcher->__construct(Object(app\Core\Module\Request), Object(app\Core\Router))
#1 {main}
  thrown /var/www/local/app/Core/Dispatcher.php line 13
10:39:14 ERROR - Фатальная ошибка Uncaught Error: Class 'app\Core\Module\Request' not found in /var/www/local/index.php:9
Stack trace:
#0 {main}
  thrown /var/www/local/index.php line 9
10:39:35 ERROR - Фатальная ошибка Uncaught Error: Class 'Request' not found in /var/www/local/index.php:9
Stack trace:
#0 {main}
  thrown /var/www/local/index.php line 9
10:39:50 ERROR - Фатальная ошибка Uncaught Error: Class 'app\Core\Request' not found in /var/www/local/index.php:9
Stack trace:
#0 {main}
  thrown /var/www/local/index.php line 9
10:43:40 ERROR - Фатальная ошибка Uncaught Error: Class 'app\Core\Module\Database' not found in /var/www/local/app/Model/AbstractModel.php:15
Stack trace:
#0 /var/www/local/app/Model/IndexModel.php(10): app\Model\AbstractModel->__construct()
#1 /var/www/local/app/Controller/AbstractController.php(29): app\Model\IndexModel->__construct()
#2 /var/www/local/app/Controller/AbstractController.php(18): app\Controller\AbstractController->model('index')
#3 /var/www/local/app/Core/Dispatcher.php(27): app\Controller\AbstractController->__construct(Array, Object(app\Core\Request))
#4 /var/www/local/app/Core/Dispatcher.php(18): app\Core\Dispatcher->loadController()
#5 /var/www/local/index.php(9): app\Core\Dispatcher->__construct(Object(app\Core\Request), Object(app\Core\Router))
#6 {main}
  thrown /var/www/local/app/Model/AbstractModel.php line 15
10:44:18 ERROR - Фатальная ошибка Uncaught Error: Class 'app\Core\Module\Database' not found in /var/www/local/app/Model/AbstractModel.php:15
Stack trace:
#0 /var/www/local/app/Model/IndexModel.php(10): app\Model\AbstractModel->__construct()
#1 /var/www/local/app/Controller/AbstractController.php(29): app\Model\IndexModel->__construct()
#2 /var/www/local/app/Controller/AbstractController.php(18): app\Controller\AbstractController->model('index')
#3 /var/www/local/app/Core/Dispatcher.php(27): app\Controller\AbstractController->__construct(Array, Object(app\Core\Request))
#4 /var/www/local/app/Core/Dispatcher.php(18): app\Core\Dispatcher->loadController()
#5 /var/www/local/index.php(9): app\Core\Dispatcher->__construct(Object(app\Core\Request), Object(app\Core\Router))
#6 {main}
  thrown /var/www/local/app/Model/AbstractModel.php line 15
10:45:08 ERROR - Фатальная ошибка Uncaught Error: Class 'app\Core\Module\app\Config\Database\DatabaseConfig' not found in /var/www/local/app/Core/Module/Database.php:9
Stack trace:
#0 /var/www/local/app/Model/AbstractModel.php(15): app\Core\Module\Database->__construct()
#1 /var/www/local/app/Model/IndexModel.php(10): app\Model\AbstractModel->__construct()
#2 /var/www/local/app/Controller/AbstractController.php(29): app\Model\IndexModel->__construct()
#3 /var/www/local/app/Controller/AbstractController.php(18): app\Controller\AbstractController->model('index')
#4 /var/www/local/app/Core/Dispatcher.php(27): app\Controller\AbstractController->__construct(Array, Object(app\Core\Request))
#5 /var/www/local/app/Core/Dispatcher.php(18): app\Core\Dispatcher->loadController()
#6 /var/www/local/index.php(9): app\Core\Dispatcher->__construct(Object(app\Core\Request), Object(app\Core\Router))
#7 {main}
  thrown /var/www/local/app/Core/Module/Database.php line 9
10:46:46 ERROR - Фатальная ошибка Uncaught Error: Class 'app\Config\Database\DatabaseConfig' not found in /var/www/local/app/Core/Module/Database.php:12
Stack trace:
#0 /var/www/local/app/Model/AbstractModel.php(15): app\Core\Module\Database->__construct()
#1 /var/www/local/app/Model/IndexModel.php(10): app\Model\AbstractModel->__construct()
#2 /var/www/local/app/Controller/AbstractController.php(29): app\Model\IndexModel->__construct()
#3 /var/www/local/app/Controller/AbstractController.php(18): app\Controller\AbstractController->model('index')
#4 /var/www/local/app/Core/Dispatcher.php(27): app\Controller\AbstractController->__construct(Array, Object(app\Core\Request))
#5 /var/www/local/app/Core/Dispatcher.php(18): app\Core\Dispatcher->loadController()
#6 /var/www/local/index.php(9): app\Core\Dispatcher->__construct(Object(app\Core\Request), Object(app\Core\Router))
#7 {main}
  thrown /var/www/local/app/Core/Module/Database.php line 12
10:47:00 ERROR - Фатальная ошибка Uncaught Error: Class 'app\View\Config\PageParams' not found in /var/www/local/app/Model/AbstractModel.php:16
Stack trace:
#0 /var/www/local/app/Model/IndexModel.php(10): app\Model\AbstractModel->__construct()
#1 /var/www/local/app/Controller/AbstractController.php(29): app\Model\IndexModel->__construct()
#2 /var/www/local/app/Controller/AbstractController.php(18): app\Controller\AbstractController->model('index')
#3 /var/www/local/app/Core/Dispatcher.php(27): app\Controller\AbstractController->__construct(Array, Object(app\Core\Request))
#4 /var/www/local/app/Core/Dispatcher.php(18): app\Core\Dispatcher->loadController()
#5 /var/www/local/index.php(9): app\Core\Dispatcher->__construct(Object(app\Core\Request), Object(app\Core\Router))
#6 {main}
  thrown /var/www/local/app/Model/AbstractModel.php line 16
10:47:17 ERROR - Фатальная ошибка Uncaught Error: Class 'app\Config\Database\QueryConfig' not found in /var/www/local/app/Model/AbstractModel.php:17
Stack trace:
#0 /var/www/local/app/Model/IndexModel.php(10): app\Model\AbstractModel->__construct()
#1 /var/www/local/app/Controller/AbstractController.php(29): app\Model\IndexModel->__construct()
#2 /var/www/local/app/Controller/AbstractController.php(18): app\Controller\AbstractController->model('index')
#3 /var/www/local/app/Core/Dispatcher.php(27): app\Controller\AbstractController->__construct(Array, Object(app\Core\Request))
#4 /var/www/local/app/Core/Dispatcher.php(18): app\Core\Dispatcher->loadController()
#5 /var/www/local/index.php(9): app\Core\Dispatcher->__construct(Object(app\Core\Request), Object(app\Core\Router))
#6 {main}
  thrown /var/www/local/app/Model/AbstractModel.php line 17
10:47:50 ERROR - Фатальная ошибка Uncaught Error: Class 'app\Config\Database\QueryConfig' not found in /var/www/local/app/Model/AbstractModel.php:17
Stack trace:
#0 /var/www/local/app/Model/IndexModel.php(10): app\Model\AbstractModel->__construct()
#1 /var/www/local/app/Controller/AbstractController.php(29): app\Model\IndexModel->__construct()
#2 /var/www/local/app/Controller/AbstractController.php(18): app\Controller\AbstractController->model('index')
#3 /var/www/local/app/Core/Dispatcher.php(27): app\Controller\AbstractController->__construct(Array, Object(app\Core\Request))
#4 /var/www/local/app/Core/Dispatcher.php(18): app\Core\Dispatcher->loadController()
#5 /var/www/local/index.php(9): app\Core\Dispatcher->__construct(Object(app\Core\Request), Object(app\Core\Router))
#6 {main}
  thrown /var/www/local/app/Model/AbstractModel.php line 17
10:47:51 ERROR - Фатальная ошибка Uncaught Error: Class 'app\Config\Database\QueryConfig' not found in /var/www/local/app/Model/AbstractModel.php:17
Stack trace:
#0 /var/www/local/app/Model/IndexModel.php(10): app\Model\AbstractModel->__construct()
#1 /var/www/local/app/Controller/AbstractController.php(29): app\Model\IndexModel->__construct()
#2 /var/www/local/app/Controller/AbstractController.php(18): app\Controller\AbstractController->model('index')
#3 /var/www/local/app/Core/Dispatcher.php(27): app\Controller\AbstractController->__construct(Array, Object(app\Core\Request))
#4 /var/www/local/app/Core/Dispatcher.php(18): app\Core\Dispatcher->loadController()
#5 /var/www/local/index.php(9): app\Core\Dispatcher->__construct(Object(app\Core\Request), Object(app\Core\Router))
#6 {main}
  thrown /var/www/local/app/Model/AbstractModel.php line 17
10:47:58 ERROR - Фатальная ошибка Uncaught Error: Class 'app\Config\Database\QueryParams' not found in /var/www/local/app/Config/Database/QueryConfig.php:14
Stack trace:
#0 /var/www/local/app/Model/AbstractModel.php(17): app\Config\Database\QueryConfig->__construct(Object(app\Core\Module\Database))
#1 /var/www/local/app/Model/IndexModel.php(10): app\Model\AbstractModel->__construct()
#2 /var/www/local/app/Controller/AbstractController.php(29): app\Model\IndexModel->__construct()
#3 /var/www/local/app/Controller/AbstractController.php(18): app\Controller\AbstractController->model('index')
#4 /var/www/local/app/Core/Dispatcher.php(27): app\Controller\AbstractController->__construct(Array, Object(app\Core\Request))
#5 /var/www/local/app/Core/Dispatcher.php(18): app\Core\Dispatcher->loadController()
#6 /var/www/local/index.php(9): app\Core\Dispatcher->__construct(Object(app\Core\Request), Object(app\Core\Router))
#7 {main}
  thrown /var/www/local/app/Config/Database/QueryConfig.php line 14
10:48:04 ERROR - Фатальная ошибка Uncaught Error: Class 'app\View\lib\PageTitle' not found in /var/www/local/app/View/View.php:13
Stack trace:
#0 /var/www/local/app/Controller/AbstractController.php(20): app\View\View->__construct(Array)
#1 /var/www/local/app/Core/Dispatcher.php(27): app\Controller\AbstractController->__construct(Array, Object(app\Core\Request))
#2 /var/www/local/app/Core/Dispatcher.php(18): app\Core\Dispatcher->loadController()
#3 /var/www/local/index.php(9): app\Core\Dispatcher->__construct(Object(app\Core\Request), Object(app\Core\Router))
#4 {main}
  thrown /var/www/local/app/View/View.php line 13
